2018-01-30 19:10:24:7222 |--->操作了官方QQ组件

2018-01-30 19:10:30:5352 |--->点击了联系作者

2018-01-30 19:10:35:0242 |--->打开了打赏窗口

2018-01-30 19:10:38:5632 |--->AI语音介绍

2018-01-30 19:13:34:8802 |--->点击了联系作者

2018-01-30 19:13:38:6882 |--->操作了官方QQ组件

2018-01-30 19:13:39:5502 |--->操作了官方QQ组件

2018-01-30 19:13:42:2592 |--->打开了打赏窗口

2018-01-30 19:13:47:9992 |--->打开了打赏窗口

2018-01-30 19:13:48:1712 |--->打开了打赏窗口

2018-01-30 19:13:48:3632 |--->打开了打赏窗口

2018-01-30 19:13:49:5402 |--->打开了打赏窗口

2018-01-30 19:13:49:7182 |--->打开了打赏窗口

2018-01-30 19:13:50:0772 |--->打开了打赏窗口

2018-01-30 19:13:50:4232 |--->打开了打赏窗口

2018-01-30 19:13:50:5902 |--->打开了打赏窗口

2018-01-30 19:13:50:8242 |--->打开了打赏窗口

2018-01-30 19:13:51:0342 |--->打开了打赏窗口

2018-01-30 19:13:51:2152 |--->打开了打赏窗口

2018-01-30 19:13:51:4182 |--->打开了打赏窗口

2018-01-30 19:13:51:6002 |--->打开了打赏窗口

2018-01-30 19:13:51:7882 |--->打开了打赏窗口

2018-01-30 19:13:51:9952 |--->打开了打赏窗口

2018-01-30 19:13:52:2112 |--->打开了打赏窗口

2018-01-30 19:13:52:4722 |--->打开了打赏窗口

2018-01-30 19:13:52:7182 |--->打开了打赏窗口

2018-01-30 19:13:52:9462 |--->打开了打赏窗口

2018-01-30 19:13:53:3882 |--->打开了打赏窗口

2018-01-30 19:13:53:6502 |--->打开了打赏窗口

2018-01-30 19:13:53:8992 |--->打开了打赏窗口

2018-01-30 19:14:35:1422 |--->启动窗口点击了退出按钮

2018-01-30 19:15:04:4832 |--->退出程序，点击了取消按钮

2018-01-30 19:15:13:6732 |--->退出程序，点击了取消按钮

2018-01-30 19:19:55:4972 |--->启动了软件

2018-01-30 19:20:16:3322 |--->打开了打赏窗口

2018-01-30 19:20:22:3102 |--->最小化程序

2018-01-30 19:20:31:6082 |--->退出程序并且停止线程

2018-01-31 10:28:38:4996 |--->启动了软件

2018-01-31 10:29:03:2196 |--->打开了打赏窗口

2018-01-31 10:29:05:4646 |--->AI语音介绍

2018-01-31 10:29:25:6436 |--->最小化程序

2018-01-31 10:29:34:6166 |--->退出程序并且停止线程

2018-01-31 10:31:22:4116 |--->启动了软件

2018-01-31 10:31:39:3936 |--->退出程序并且停止线程

2018-01-31 10:32:53:1256 |--->启动了软件

2018-01-31 10:33:04:9386 |--->退出程序并且停止线程

2018-01-31 10:34:31:9896 |--->启动了软件

2018-01-31 10:35:01:6096 |--->退出程序，点击了取消按钮

2018-01-31 10:35:05:0746 |--->最小化程序

2018-01-31 10:35:22:9696 |--->打开了打赏窗口

2018-01-31 10:35:28:6826 |--->打开了打赏窗口

2018-01-31 10:35:32:1746 |--->退出程序，点击了取消按钮

2018-01-31 10:35:33:6956 |--->点击了联系作者

2018-01-31 10:36:28:9716 |--->退出程序，点击了取消按钮

2018-01-31 10:36:55:1576 |--->AI语音介绍

2018-01-31 10:37:05:7166 |--->打开了打赏窗口

2018-01-31 10:37:27:5086 |--->退出程序并且停止线程

2018-01-31 10:38:20:4176 |--->启动了软件

2018-01-31 10:38:28:1986 |--->退出程序并且停止线程

2018-01-31 11:13:33:1326 |--->启动了软件

2018-01-31 11:13:50:8746 |--->退出程序并且停止线程

2018-01-31 11:13:53:5266 |--->启动了软件

2018-01-31 11:14:03:8426 |--->退出程序并且停止线程

2018-01-31 11:14:06:2226 |--->启动了软件

2018-01-31 11:14:16:0306 |--->退出程序并且停止线程

2018-01-31 11:14:43:8286 |--->启动了软件

2018-01-31 11:14:54:2046 |--->退出程序并且停止线程

2018-01-31 11:15:06:8026 |--->启动了软件

2018-01-31 11:15:15:5506 |--->退出程序并且停止线程

2018-01-31 11:20:04:0086 |--->启动了软件

2018-01-31 11:21:48:7226 |--->退出程序并且停止线程

2018-01-31 11:24:55:9776 |--->启动了软件

2018-01-31 11:25:36:7936 |--->启动了软件

2018-01-31 11:26:49:2586 |--->启动了软件

2018-01-31 11:31:18:1606 |--->启动了软件

2018-01-31 11:35:40:4766 |--->启动了软件

2018-01-31 11:39:54:0826 |--->启动了软件

2018-01-31 11:42:07:7396 |--->启动了软件

2018-01-31 11:48:27:6246 |--->启动了软件

2018-01-31 11:50:19:9486 |--->启动了软件

2018-01-31 11:51:46:0656 |--->启动了软件

2018-01-31 11:52:36:5306 |--->退出程序并且停止线程

2018-01-31 11:55:19:3256 |--->启动了软件

2018-01-31 11:56:18:0056 |--->退出程序并且停止线程

2018-01-31 11:57:47:4796 |--->启动了软件

2018-01-31 11:57:59:0926 |--->退出程序并且停止线程

2018-01-31 11:59:07:7686 |--->启动了软件

2018-01-31 11:59:22:3366 |--->MAIN检测系统环境变量，环境正常！C:\Program Files\Java\jdk1.8.0_131\    ||  .

2018-01-31 12:00:07:4636 |--->打开了打赏窗口

2018-01-31 12:00:23:8546 |--->退出程序并且停止线程

2018-01-31 12:04:17:1396 |--->启动了软件

2018-01-31 12:04:24:9576 |--->MAIN检测系统环境变量，环境正常！C:\Program Files\Java\jdk1.8.0_131\    ||  .

2018-01-31 12:04:40:2656 |--->退出程序并且停止线程

2018-01-31 12:07:44:3946 |--->启动了软件

2018-01-31 12:07:51:3916 |--->MAIN检测系统环境变量，环境正常！C:\Program Files\Java\jdk1.8.0_131\    ||  .

2018-01-31 12:08:02:5896 |--->退出程序并且停止线程

2018-01-31 12:08:52:9556 |--->启动了软件

2018-01-31 12:08:59:8346 |--->MAIN检测系统环境变量，环境正常！C:\Program Files\Java\jdk1.8.0_131\    ||  .

2018-01-31 12:09:22:0986 |--->退出程序并且停止线程

2018-01-31 12:10:25:2586 |--->启动了软件

2018-01-31 12:10:31:9896 |--->MAIN检测系统环境变量，环境正常！C:\Program Files\Java\jdk1.8.0_131\    ||  .

2018-01-31 12:10:32:0256 |--->
Run_Path = C:\Users\coding\Desktop\Jetty_GUI_Admin_Tools\Jetty_GUI_Admin_Tools\Jetty_GUI_Admin_Tools\bin\Debug

2018-01-31 12:11:25:8006 |--->退出程序，点击了取消按钮

2018-01-31 12:11:27:6626 |--->退出程序，点击了取消按钮

2018-01-31 12:11:29:8346 |--->退出程序并且停止线程

2018-01-31 12:12:35:8576 |--->启动了软件

2018-01-31 12:12:42:7586 |--->MAIN检测系统环境变量，环境正常！C:\Program Files\Java\jdk1.8.0_131\    ||  .

2018-01-31 12:12:42:7886 |--->
Run_Path = C:\Users\coding\Desktop\Jetty_GUI_Admin_Tools\Jetty_GUI_Admin_Tools\Jetty_GUI_Admin_Tools\bin\Debug

2018-01-31 12:12:54:6346 |--->退出程序并且停止线程

2018-01-31 12:13:07:8226 |--->启动了软件

2018-01-31 12:13:15:3426 |--->MAIN检测系统环境变量，环境正常！C:\Program Files\Java\jdk1.8.0_131\    ||  .

2018-01-31 12:13:15:3566 |--->
Run_Path = C:\Users\coding\Desktop\Jetty_GUI_Admin_Tools\Jetty_GUI_Admin_Tools\Jetty_GUI_Admin_Tools\bin\Debug

2018-01-31 12:14:01:8486 |--->退出程序并且停止线程

2018-01-31 12:15:11:8826 |--->启动了软件

2018-01-31 12:15:18:9326 |--->MAIN检测系统环境变量，环境正常！C:\Program Files\Java\jdk1.8.0_131\    ||  .

2018-01-31 12:15:18:9576 |--->
Run_Path = C:\Users\coding\Desktop\Jetty_GUI_Admin_Tools\Jetty_GUI_Admin_Tools\Jetty_GUI_Admin_Tools\bin\Debug

2018-01-31 12:15:50:3516 |--->退出程序并且停止线程

2018-01-31 12:16:34:9336 |--->启动了软件

2018-01-31 12:16:43:6446 |--->MAIN检测系统环境变量，环境正常！C:\Program Files\Java\jdk1.8.0_131\    ||  .

2018-01-31 12:16:43:6716 |--->
Run_Path = C:\Users\coding\Desktop\Jetty_GUI_Admin_Tools\Jetty_GUI_Admin_Tools\Jetty_GUI_Admin_Tools\bin\Debug

2018-01-31 12:16:59:8266 |--->退出程序并且停止线程

2018-01-31 12:17:45:8226 |--->启动了软件

2018-01-31 12:17:53:8806 |--->MAIN检测系统环境变量，环境正常！C:\Program Files\Java\jdk1.8.0_131\    ||  .

2018-01-31 12:17:53:9196 |--->
Run_Path = C:\Users\coding\Desktop\Jetty_GUI_Admin_Tools\Jetty_GUI_Admin_Tools\Jetty_GUI_Admin_Tools\bin\Debug

2018-01-31 12:17:53:9236 |--->
JAVA_HOME = C:\Program Files\Java\jdk1.8.0_131\

2018-01-31 12:18:07:7216 |--->退出程序，点击了取消按钮

2018-01-31 12:18:11:9796 |--->退出程序并且停止线程

2018-01-31 12:18:51:3326 |--->启动了软件

2018-01-31 12:18:59:4286 |--->MAIN检测系统环境变量，环境正常！C:\Program Files\Java\jdk1.8.0_131\    ||  .

2018-01-31 12:18:59:4356 |--->
Run_Path = C:\Users\coding\Desktop\Jetty_GUI_Admin_Tools\Jetty_GUI_Admin_Tools\Jetty_GUI_Admin_Tools\bin\Debug

2018-01-31 12:18:59:4396 |--->
JAVA_HOME = C:\Program Files\Java\jdk1.8.0_131\

2018-01-31 12:19:41:5916 |--->退出程序并且停止线程

2018-01-31 12:22:39:1866 |--->启动了软件

2018-01-31 12:22:47:3266 |--->MAIN检测系统环境变量，环境正常！C:\Program Files\Java\jdk1.8.0_131\    ||  .

2018-01-31 12:22:47:3806 |--->
Run_Path = C:\Users\coding\Desktop\Jetty_GUI_Admin_Tools\Jetty_GUI_Admin_Tools\Jetty_GUI_Admin_Tools\bin\Debug

2018-01-31 12:22:47:3816 |--->
JAVA_HOME = C:\Program Files\Java\jdk1.8.0_131\

2018-01-31 12:23:01:1946 |--->退出程序并且停止线程

2018-01-31 12:25:19:7856 |--->启动了软件

2018-01-31 12:25:27:5046 |--->MAIN检测系统环境变量，环境正常！C:\Program Files\Java\jdk1.8.0_131\    ||  .

2018-01-31 12:25:27:5536 |--->
Run_Path = C:\Users\coding\Desktop\Jetty_GUI_Admin_Tools\Jetty_GUI_Admin_Tools\Jetty_GUI_Admin_Tools\bin\Debug

2018-01-31 12:25:27:5576 |--->
JAVA_HOME = C:\Program Files\Java\jdk1.8.0_131\

2018-01-31 12:25:56:1746 |--->退出程序并且停止线程

2018-01-31 12:28:28:4946 |--->启动了软件

2018-01-31 12:28:35:4956 |--->MAIN检测系统环境变量，环境正常！C:\Program Files\Java\jdk1.8.0_131\    ||  .

2018-01-31 12:28:35:5326 |--->
Run_Path = C:\Users\coding\Desktop\Jetty_GUI_Admin_Tools\Jetty_GUI_Admin_Tools\Jetty_GUI_Admin_Tools\bin\Debug

2018-01-31 12:28:35:5366 |--->
JAVA_HOME = C:\Program Files\Java\jdk1.8.0_131\

2018-01-31 12:29:05:9886 |--->退出程序并且停止线程

2018-01-31 12:33:43:3456 |--->启动了软件

2018-01-31 12:33:51:5976 |--->MAIN检测系统环境变量，环境正常！C:\Program Files\Java\jdk1.8.0_131\    ||  .

2018-01-31 12:33:51:6356 |--->
Run_Path = C:\Users\coding\Desktop\Jetty_GUI_Admin_Tools\Jetty_GUI_Admin_Tools\Jetty_GUI_Admin_Tools\bin\Debug

2018-01-31 12:33:51:6396 |--->
JAVA_HOME = C:\Program Files\Java\jdk1.8.0_131\

2018-01-31 12:34:09:7626 |--->退出程序并且停止线程

2018-01-31 12:34:32:1516 |--->启动了软件

2018-01-31 12:34:38:8576 |--->MAIN检测系统环境变量，环境正常！C:\Program Files\Java\jdk1.8.0_131\    ||  .

2018-01-31 12:34:38:8706 |--->
Run_Path = C:\Users\coding\Desktop\Jetty_GUI_Admin_Tools\Jetty_GUI_Admin_Tools\Jetty_GUI_Admin_Tools\bin\Debug

2018-01-31 12:34:38:8786 |--->
JAVA_HOME = C:\Program Files\Java\jdk1.8.0_131\

2018-01-31 12:34:59:0616 |--->退出程序并且停止线程

2018-01-31 12:35:35:9876 |--->启动了软件

2018-01-31 12:35:43:7186 |--->MAIN检测系统环境变量，环境正常！C:\Program Files\Java\jdk1.8.0_131\    ||  .

2018-01-31 12:35:43:7556 |--->
Run_Path = C:\Users\coding\Desktop\Jetty_GUI_Admin_Tools\Jetty_GUI_Admin_Tools\Jetty_GUI_Admin_Tools\bin\Debug

2018-01-31 12:35:43:7596 |--->
JAVA_HOME = C:\Program Files\Java\jdk1.8.0_131\

2018-01-31 12:36:41:3326 |--->退出程序，点击了取消按钮

2018-01-31 12:36:43:7956 |--->退出程序并且停止线程

2018-01-31 12:38:06:9776 |--->启动了软件

2018-01-31 12:38:14:6406 |--->MAIN检测系统环境变量，环境正常！C:\Program Files\Java\jdk1.8.0_131\    ||  .

2018-01-31 12:38:14:6736 |--->
Run_Path = C:\Users\coding\Desktop\Jetty_GUI_Admin_Tools\Jetty_GUI_Admin_Tools\Jetty_GUI_Admin_Tools\bin\Debug

2018-01-31 12:38:14:6776 |--->
JAVA_HOME = C:\Program Files\Java\jdk1.8.0_131\

2018-01-31 12:38:30:6316 |--->退出程序并且停止线程

2018-01-31 12:39:23:1876 |--->启动了软件

2018-01-31 12:39:30:8576 |--->MAIN检测系统环境变量，环境正常！C:\Program Files\Java\jdk1.8.0_131\    ||  .

2018-01-31 12:39:30:8876 |--->
Run_Path = C:\Users\coding\Desktop\Jetty_GUI_Admin_Tools\Jetty_GUI_Admin_Tools\Jetty_GUI_Admin_Tools\bin\Debug

2018-01-31 12:39:30:8916 |--->
JAVA_HOME = C:\Program Files\Java\jdk1.8.0_131\

2018-01-31 12:39:55:7306 |--->退出程序并且停止线程

2018-01-31 12:42:33:8066 |--->启动了软件

2018-01-31 12:42:42:1236 |--->MAIN检测系统环境变量，环境正常！C:\Program Files\Java\jdk1.8.0_131\    ||  .

2018-01-31 12:42:42:1556 |--->
Run_Path = C:\Users\coding\Desktop\Jetty_GUI_Admin_Tools\Jetty_GUI_Admin_Tools\Jetty_GUI_Admin_Tools\bin\Debug

2018-01-31 12:42:42:1576 |--->
JAVA_HOME = C:\Program Files\Java\jdk1.8.0_131\

2018-01-31 12:43:01:0816 |--->退出程序并且停止线程

2018-01-31 12:43:33:0596 |--->启动了软件

2018-01-31 12:43:40:5596 |--->MAIN检测系统环境变量，环境正常！C:\Program Files\Java\jdk1.8.0_131\    ||  .

2018-01-31 12:43:40:5946 |--->
Run_Path = C:\Users\coding\Desktop\Jetty_GUI_Admin_Tools\Jetty_GUI_Admin_Tools\Jetty_GUI_Admin_Tools\bin\Debug

2018-01-31 12:43:40:5976 |--->
JAVA_HOME = C:\Program Files\Java\jdk1.8.0_131\

2018-01-31 12:45:07:2886 |--->启动了软件

2018-01-31 12:45:14:9496 |--->MAIN检测系统环境变量，环境正常！C:\Program Files\Java\jdk1.8.0_131\    ||  .

2018-01-31 12:45:14:9546 |--->
Run_Path = C:\Users\coding\Desktop\Jetty_GUI_Admin_Tools\Jetty_GUI_Admin_Tools\Jetty_GUI_Admin_Tools\bin\Debug

2018-01-31 12:45:14:9636 |--->
JAVA_HOME = C:\Program Files\Java\jdk1.8.0_131\

2018-01-31 12:46:14:0756 |--->退出程序并且停止线程

2018-01-31 12:51:19:8196 |--->启动了软件

2018-01-31 12:51:26:7936 |--->MAIN检测系统环境变量，环境正常！C:\Program Files\Java\jdk1.8.0_131\    ||  .

2018-01-31 12:51:26:8316 |--->
Run_Path = C:\Users\coding\Desktop\Jetty_GUI_Admin_Tools\Jetty_GUI_Admin_Tools\Jetty_GUI_Admin_Tools\bin\Debug

2018-01-31 12:51:26:8346 |--->
JAVA_HOME = C:\Program Files\Java\jdk1.8.0_131\

2018-01-31 12:51:44:4806 |--->退出程序并且停止线程

2018-01-31 12:52:32:1136 |--->启动了软件

2018-01-31 12:52:40:5346 |--->MAIN检测系统环境变量，环境正常！C:\Program Files\Java\jdk1.8.0_131\    ||  .

2018-01-31 12:52:40:5476 |--->
Run_Path = C:\Users\coding\Desktop\Jetty_GUI_Admin_Tools\Jetty_GUI_Admin_Tools\Jetty_GUI_Admin_Tools\bin\Debug

2018-01-31 12:52:40:5526 |--->
JAVA_HOME = C:\Program Files\Java\jdk1.8.0_131\

2018-01-31 12:53:11:7716 |--->退出程序并且停止线程

2018-01-31 12:54:08:6306 |--->启动了软件

2018-01-31 12:54:19:8846 |--->MAIN检测系统环境变量，环境正常！C:\Program Files\Java\jdk1.8.0_131\    ||  .

2018-01-31 12:54:19:9276 |--->
Run_Path = C:\Users\coding\Desktop\Jetty_GUI_Admin_Tools\Jetty_GUI_Admin_Tools\Jetty_GUI_Admin_Tools\bin\Debug

2018-01-31 12:54:19:9306 |--->
JAVA_HOME = C:\Program Files\Java\jdk1.8.0_131\

2018-01-31 12:54:23:8056 |--->最小化程序

2018-01-31 12:55:09:7836 |--->启动了软件

2018-01-31 12:55:17:7326 |--->MAIN检测系统环境变量，环境正常！C:\Program Files\Java\jdk1.8.0_131\    ||  .

2018-01-31 12:55:17:7576 |--->
Run_Path = C:\Users\coding\Desktop\Jetty_GUI_Admin_Tools\Jetty_GUI_Admin_Tools\Jetty_GUI_Admin_Tools\bin\Debug

2018-01-31 12:55:17:7626 |--->
JAVA_HOME = C:\Program Files\Java\jdk1.8.0_131\

2018-01-31 13:08:28:1246 |--->启动了软件

2018-01-31 13:08:44:2336 |--->MAIN检测系统环境变量，环境正常！C:\Program Files\Java\jdk1.8.0_131\    ||  .

2018-01-31 13:08:44:2636 |--->
Run_Path = C:\Users\coding\Desktop\Jetty_GUI_Admin_Tools\Jetty_GUI_Admin_Tools\Jetty_GUI_Admin_Tools\bin\Debug

2018-01-31 13:08:44:2676 |--->
JAVA_HOME = C:\Program Files\Java\jdk1.8.0_131\

2018-01-31 13:11:06:1476 |--->退出程序并且停止线程

2018-01-31 13:11:34:2496 |--->启动了软件

2018-01-31 13:11:45:5936 |--->MAIN检测系统环境变量，环境正常！C:\Program Files\Java\jdk1.8.0_131\    ||  .

2018-01-31 13:11:45:6176 |--->
Run_Path = C:\Users\coding\Desktop\Jetty_GUI_Admin_Tools\Jetty_GUI_Admin_Tools\Jetty_GUI_Admin_Tools\bin\Debug

2018-01-31 13:11:45:6206 |--->
JAVA_HOME = C:\Program Files\Java\jdk1.8.0_131\

2018-01-31 13:12:15:7536 |--->打开了打赏窗口

2018-01-31 13:12:26:0276 |--->退出程序并且停止线程

2018-01-31 13:15:05:1946 |--->启动了软件

2018-01-31 13:15:12:7956 |--->MAIN检测系统环境变量，环境正常！C:\Program Files\Java\jdk1.8.0_131\    ||  .

2018-01-31 13:15:12:8286 |--->
Run_Path = C:\Users\coding\Desktop\Jetty_GUI_Admin_Tools\Jetty_GUI_Admin_Tools\Jetty_GUI_Admin_Tools\bin\Debug

2018-01-31 13:15:12:8336 |--->
JAVA_HOME = C:\Program Files\Java\jdk1.8.0_131\

2018-01-31 13:17:06:7996 |--->退出程序并且停止线程

2018-01-31 13:19:37:3836 |--->启动了软件

2018-01-31 13:19:47:8216 |--->MAIN检测系统环境变量，环境正常！C:\Program Files\Java\jdk1.8.0_131\    ||  .

2018-01-31 13:19:47:8286 |--->
Run_Path = C:\Users\coding\Desktop\Jetty_GUI_Admin_Tools\Jetty_GUI_Admin_Tools\Jetty_GUI_Admin_Tools\bin\Debug

2018-01-31 13:19:47:8306 |--->
JAVA_HOME = C:\Program Files\Java\jdk1.8.0_131\

2018-01-31 13:20:49:2076 |--->退出程序并且停止线程

2018-01-31 13:28:01:7546 |--->启动了软件

2018-01-31 13:28:08:6236 |--->MAIN检测系统环境变量，环境正常！C:\Program Files\Java\jdk1.8.0_131\    ||  .

2018-01-31 13:28:08:6556 |--->
Run_Path = C:\Users\coding\Desktop\Jetty_GUI_Admin_Tools\Jetty_GUI_Admin_Tools\Jetty_GUI_Admin_Tools\bin\Debug

2018-01-31 13:28:08:6576 |--->
JAVA_HOME = C:\Program Files\Java\jdk1.8.0_131\

2018-01-31 13:28:20:8246 |--->最小化程序

2018-01-31 13:28:43:9876 |--->退出程序并且停止线程

2018-01-31 13:38:32:7116 |--->启动了软件

2018-01-31 13:38:39:8316 |--->MAIN检测系统环境变量，环境正常！C:\Program Files\Java\jdk1.8.0_131\    ||  .

2018-01-31 13:38:39:8736 |--->
Run_Path = C:\Users\coding\Desktop\Jetty_GUI_Admin_Tools\Jetty_GUI_Admin_Tools\Jetty_GUI_Admin_Tools\bin\Debug

2018-01-31 13:38:39:8766 |--->
JAVA_HOME = C:\Program Files\Java\jdk1.8.0_131\

2018-01-31 13:41:39:2106 |--->退出程序，点击了取消按钮

2018-01-31 13:42:18:0336 |--->退出程序，点击了取消按钮

2018-01-31 13:52:58:1246 |--->AI语音介绍

2018-01-31 13:54:17:8066 |--->打开了打赏窗口

2018-01-31 13:54:32:5466 |--->打开了打赏窗口

2018-01-31 13:55:06:6716 |--->退出程序并且停止线程

2018-01-31 13:55:54:6066 |--->启动了软件

2018-01-31 13:56:01:5386 |--->MAIN检测系统环境变量，环境正常！C:\Program Files\Java\jdk1.8.0_131\    ||  .

2018-01-31 13:56:01:5436 |--->
Run_Path = C:\Users\coding\Desktop\Jetty_GUI_Admin_Tools\Jetty_GUI_Admin_Tools\Jetty_GUI_Admin_Tools\bin\Debug

2018-01-31 13:56:01:5456 |--->
JAVA_HOME = C:\Program Files\Java\jdk1.8.0_131\

2018-01-31 13:56:02:8246 |--->AI语音介绍

2018-01-31 13:56:08:1376 |--->打开了打赏窗口

2018-01-31 13:56:15:0146 |--->退出程序并且停止线程

2018-01-31 14:05:47:4706 |--->启动了软件

2018-01-31 14:05:54:2556 |--->MAIN检测系统环境变量，环境正常！C:\Program Files\Java\jdk1.8.0_131\    ||  .

2018-01-31 14:05:54:2716 |--->
Run_Path = C:\Users\coding\Desktop\Jetty_GUI_Admin_Tools\Jetty_GUI_Admin_Tools\Jetty_GUI_Admin_Tools\bin\Debug

2018-01-31 14:05:54:2736 |--->
JAVA_HOME = C:\Program Files\Java\jdk1.8.0_131\

2018-01-31 14:06:58:8976 |--->启动了软件

2018-01-31 14:07:05:5026 |--->MAIN检测系统环境变量，环境正常！C:\Program Files\Java\jdk1.8.0_131\    ||  .

2018-01-31 14:07:05:5236 |--->
Run_Path = C:\Users\coding\Desktop\Jetty_GUI_Admin_Tools\Jetty_GUI_Admin_Tools\Jetty_GUI_Admin_Tools\bin\Debug

2018-01-31 14:07:05:5256 |--->
JAVA_HOME = C:\Program Files\Java\jdk1.8.0_131\

2018-01-31 14:07:34:9886 |--->启动了软件

2018-01-31 14:07:41:6796 |--->MAIN检测系统环境变量，环境正常！C:\Program Files\Java\jdk1.8.0_131\    ||  .

2018-01-31 14:07:41:6826 |--->
Run_Path = C:\Users\coding\Desktop\Jetty_GUI_Admin_Tools\Jetty_GUI_Admin_Tools\Jetty_GUI_Admin_Tools\bin\Debug

2018-01-31 14:07:41:6896 |--->
JAVA_HOME = C:\Program Files\Java\jdk1.8.0_131\

2018-01-31 14:09:34:8456 |--->退出程序并且停止线程

2018-01-31 14:12:31:3626 |--->启动了软件

2018-01-31 14:12:38:3006 |--->MAIN检测系统环境变量，环境正常！C:\Program Files\Java\jdk1.8.0_131\    ||  .

2018-01-31 14:12:38:3236 |--->
Run_Path = C:\Users\coding\Desktop\Jetty_GUI_Admin_Tools\Jetty_GUI_Admin_Tools\Jetty_GUI_Admin_Tools\bin\Debug

2018-01-31 14:12:38:3246 |--->
JAVA_HOME = C:\Program Files\Java\jdk1.8.0_131\

2018-01-31 14:13:18:6446 |--->启动了软件

2018-01-31 14:13:25:1416 |--->MAIN检测系统环境变量，环境正常！C:\Program Files\Java\jdk1.8.0_131\    ||  .

2018-01-31 14:13:25:1556 |--->
Run_Path = C:\Users\coding\Desktop\Jetty_GUI_Admin_Tools\Jetty_GUI_Admin_Tools\Jetty_GUI_Admin_Tools\bin\Debug

2018-01-31 14:13:25:1576 |--->
JAVA_HOME = C:\Program Files\Java\jdk1.8.0_131\

2018-01-31 14:18:23:3076 |--->启动了软件

2018-01-31 14:18:30:1396 |--->MAIN检测系统环境变量，环境正常！C:\Program Files\Java\jdk1.8.0_131\    ||  .

2018-01-31 14:18:30:1666 |--->
Run_Path = C:\Users\coding\Desktop\Jetty_GUI_Admin_Tools\Jetty_GUI_Admin_Tools\Jetty_GUI_Admin_Tools\bin\Debug

2018-01-31 14:18:30:1686 |--->
JAVA_HOME = C:\Program Files\Java\jdk1.8.0_131\

2018-01-31 14:19:10:5046 |--->启动了软件

2018-01-31 14:19:22:5246 |--->MAIN检测系统环境变量，环境正常！C:\Program Files\Java\jdk1.8.0_131\    ||  .

2018-01-31 14:19:22:5336 |--->
Run_Path = C:\Users\coding\Desktop\Jetty_GUI_Admin_Tools\Jetty_GUI_Admin_Tools\Jetty_GUI_Admin_Tools\bin\Debug

2018-01-31 14:19:22:5366 |--->
JAVA_HOME = C:\Program Files\Java\jdk1.8.0_131\

2018-01-31 14:19:38:5876 |--->退出程序并且停止线程

2018-01-31 14:20:06:6596 |--->启动了软件

2018-01-31 14:20:13:1926 |--->MAIN检测系统环境变量，环境正常！C:\Program Files\Java\jdk1.8.0_131\    ||  .

2018-01-31 14:20:13:2036 |--->
Run_Path = C:\Users\coding\Desktop\Jetty_GUI_Admin_Tools\Jetty_GUI_Admin_Tools\Jetty_GUI_Admin_Tools\bin\Debug

2018-01-31 14:20:13:2056 |--->
JAVA_HOME = C:\Program Files\Java\jdk1.8.0_131\

2018-01-31 14:20:31:3906 |--->退出程序并且停止线程

2018-01-31 14:20:42:1396 |--->启动了软件

2018-01-31 14:20:48:7366 |--->MAIN检测系统环境变量，环境正常！C:\Program Files\Java\jdk1.8.0_131\    ||  .

2018-01-31 14:20:48:7516 |--->
Run_Path = C:\Users\coding\Desktop\Jetty_GUI_Admin_Tools\Jetty_GUI_Admin_Tools\Jetty_GUI_Admin_Tools\bin\Debug

2018-01-31 14:20:48:7556 |--->
JAVA_HOME = C:\Program Files\Java\jdk1.8.0_131\

2018-01-31 14:21:37:6906 |--->退出程序，点击了取消按钮

2018-01-31 14:21:39:4626 |--->退出程序并且停止线程

2018-01-31 14:30:19:6416 |--->启动了软件

2018-01-31 14:30:26:4066 |--->MAIN检测系统环境变量，环境正常！C:\Program Files\Java\jdk1.8.0_131\    ||  .

2018-01-31 14:30:26:4296 |--->
Run_Path = C:\Users\coding\Desktop\Jetty_GUI_Admin_Tools\Jetty_GUI_Admin_Tools\Jetty_GUI_Admin_Tools\bin\Debug

2018-01-31 14:30:26:4306 |--->
JAVA_HOME = C:\Program Files\Java\jdk1.8.0_131\

2018-01-31 14:30:49:4716 |--->最小化程序

2018-01-31 14:32:39:5136 |--->启动了软件

2018-01-31 14:32:52:3976 |--->MAIN检测系统环境变量，环境正常！C:\Program Files\Java\jdk1.8.0_131\    ||  .

2018-01-31 14:32:52:4236 |--->
Run_Path = C:\Users\coding\Desktop\Jetty_GUI_Admin_Tools\Jetty_GUI_Admin_Tools\Jetty_GUI_Admin_Tools\bin\Debug

2018-01-31 14:32:52:4256 |--->
JAVA_HOME = C:\Program Files\Java\jdk1.8.0_131\

2018-01-31 14:34:06:3096 |--->启动了软件

2018-01-31 14:34:13:0436 |--->MAIN检测系统环境变量，环境正常！C:\Program Files\Java\jdk1.8.0_131\    ||  .

2018-01-31 14:34:13:0536 |--->
Run_Path = C:\Users\coding\Desktop\Jetty_GUI_Admin_Tools\Jetty_GUI_Admin_Tools\Jetty_GUI_Admin_Tools\bin\Debug

2018-01-31 14:34:13:0556 |--->
JAVA_HOME = C:\Program Files\Java\jdk1.8.0_131\

2018-01-31 14:37:31:0026 |--->启动了软件

2018-01-31 14:37:37:4956 |--->MAIN检测系统环境变量，环境正常！C:\Program Files\Java\jdk1.8.0_131\    ||  .

2018-01-31 14:37:37:5046 |--->
Run_Path = C:\Users\coding\Desktop\Jetty_GUI_Admin_Tools\Jetty_GUI_Admin_Tools\Jetty_GUI_Admin_Tools\bin\Debug

2018-01-31 14:37:37:5106 |--->
JAVA_HOME = C:\Program Files\Java\jdk1.8.0_131\

2018-01-31 14:39:33:1446 |--->启动了软件

2018-01-31 14:39:43:4846 |--->MAIN检测系统环境变量，环境正常！C:\Program Files\Java\jdk1.8.0_131\    ||  .

2018-01-31 14:39:43:5086 |--->
Run_Path = C:\Users\coding\Desktop\Jetty_GUI_Admin_Tools\Jetty_GUI_Admin_Tools\Jetty_GUI_Admin_Tools\bin\Debug

2018-01-31 14:39:43:5106 |--->
JAVA_HOME = C:\Program Files\Java\jdk1.8.0_131\

2018-01-31 14:41:11:0816 |--->退出程序并且停止线程

2018-01-31 14:45:03:7486 |--->启动了软件

2018-01-31 14:45:10:1736 |--->MAIN检测系统环境变量，环境正常！C:\Program Files\Java\jdk1.8.0_131\    ||  .

2018-01-31 14:45:10:1896 |--->
Run_Path = C:\Users\coding\Desktop\Jetty_GUI_Admin_Tools\Jetty_GUI_Admin_Tools\Jetty_GUI_Admin_Tools\bin\Debug

2018-01-31 14:45:10:1936 |--->
JAVA_HOME = C:\Program Files\Java\jdk1.8.0_131\

2018-01-31 14:45:47:6116 |--->启动了软件

2018-01-31 14:45:54:1866 |--->MAIN检测系统环境变量，环境正常！C:\Program Files\Java\jdk1.8.0_131\    ||  .

2018-01-31 14:45:54:1886 |--->
Run_Path = C:\Users\coding\Desktop\Jetty_GUI_Admin_Tools\Jetty_GUI_Admin_Tools\Jetty_GUI_Admin_Tools\bin\Debug

2018-01-31 14:45:54:1906 |--->
JAVA_HOME = C:\Program Files\Java\jdk1.8.0_131\

2018-01-31 14:46:05:1036 |--->退出程序并且停止线程

2018-01-31 14:47:34:2946 |--->启动了软件

2018-01-31 14:47:40:8626 |--->MAIN检测系统环境变量，环境正常！C:\Program Files\Java\jdk1.8.0_131\    ||  .

2018-01-31 14:47:40:8776 |--->
Run_Path = C:\Users\coding\Desktop\Jetty_GUI_Admin_Tools\Jetty_GUI_Admin_Tools\Jetty_GUI_Admin_Tools\bin\Debug

2018-01-31 14:47:40:8806 |--->
JAVA_HOME = C:\Program Files\Java\jdk1.8.0_131\

2018-01-31 14:48:17:2636 |--->退出程序并且停止线程

2018-01-31 14:48:43:3976 |--->启动了软件

2018-01-31 14:48:50:6726 |--->MAIN检测系统环境变量，环境正常！C:\Program Files\Java\jdk1.8.0_131\    ||  .

2018-01-31 14:48:50:6946 |--->
Run_Path = C:\Users\coding\Desktop\Jetty_GUI_Admin_Tools\Jetty_GUI_Admin_Tools\Jetty_GUI_Admin_Tools\bin\Debug

2018-01-31 14:48:50:6966 |--->
JAVA_HOME = C:\Program Files\Java\jdk1.8.0_131\

2018-01-31 14:49:07:5086 |--->退出程序并且停止线程

2018-01-31 15:00:41:0006 |--->启动了软件

2018-01-31 15:00:47:3566 |--->MAIN检测系统环境变量，环境正常！C:\Program Files\Java\jdk1.8.0_131\    ||  .

2018-01-31 15:00:47:3796 |--->
Run_Path = C:\Users\coding\Desktop\Jetty_GUI_Admin_Tools\Jetty_GUI_Admin_Tools\Jetty_GUI_Admin_Tools\bin\Debug

2018-01-31 15:00:47:3806 |--->
JAVA_HOME = C:\Program Files\Java\jdk1.8.0_131\

2018-01-31 15:01:05:0516 |--->退出程序并且停止线程

2018-01-31 15:01:30:1576 |--->启动了软件

2018-01-31 15:01:36:6806 |--->MAIN检测系统环境变量，环境正常！C:\Program Files\Java\jdk1.8.0_131\    ||  .

2018-01-31 15:01:36:6986 |--->
Run_Path = C:\Users\coding\Desktop\Jetty_GUI_Admin_Tools\Jetty_GUI_Admin_Tools\Jetty_GUI_Admin_Tools\bin\Debug

2018-01-31 15:01:36:7006 |--->
JAVA_HOME = C:\Program Files\Java\jdk1.8.0_131\

2018-01-31 15:04:14:9966 |--->退出程序并且停止线程

2018-01-31 15:04:35:0316 |--->启动了软件

2018-01-31 15:04:41:7966 |--->MAIN检测系统环境变量，环境正常！C:\Program Files\Java\jdk1.8.0_131\    ||  .

2018-01-31 15:04:41:8146 |--->
Run_Path = C:\Users\coding\Desktop\Jetty_GUI_Admin_Tools\Jetty_GUI_Admin_Tools\Jetty_GUI_Admin_Tools\bin\Debug

2018-01-31 15:04:41:8176 |--->
JAVA_HOME = C:\Program Files\Java\jdk1.8.0_131\

2018-01-31 15:06:10:7616 |--->退出程序并且停止线程

2018-01-31 15:06:32:3776 |--->启动了软件

2018-01-31 15:06:38:6956 |--->MAIN检测系统环境变量，环境正常！C:\Program Files\Java\jdk1.8.0_131\    ||  .

2018-01-31 15:06:38:7026 |--->
Run_Path = C:\Users\coding\Desktop\Jetty_GUI_Admin_Tools\Jetty_GUI_Admin_Tools\Jetty_GUI_Admin_Tools\bin\Debug

2018-01-31 15:06:38:7036 |--->
JAVA_HOME = C:\Program Files\Java\jdk1.8.0_131\

2018-01-31 15:06:56:5236 |--->退出程序，点击了取消按钮

2018-01-31 15:07:00:6346 |--->退出程序并且停止线程

2018-01-31 15:10:08:0176 |--->启动了软件

2018-01-31 15:10:15:3176 |--->MAIN检测系统环境变量，环境正常！C:\Program Files\Java\jdk1.8.0_131\    ||  .

2018-01-31 15:10:15:3406 |--->
Run_Path = C:\Users\coding\Desktop\Jetty_GUI_Admin_Tools\Jetty_GUI_Admin_Tools\Jetty_GUI_Admin_Tools\bin\Debug

2018-01-31 15:10:15:3426 |--->
JAVA_HOME = C:\Program Files\Java\jdk1.8.0_131\

2018-01-31 15:10:22:0966 |--->退出程序并且停止线程

2018-01-31 15:16:17:0446 |--->启动了软件

2018-01-31 15:16:18:4246 |--->启动窗口点击了退出按钮

2018-01-31 15:16:40:0096 |--->启动了软件

2018-01-31 15:16:47:6166 |--->MAIN检测系统环境变量，环境正常！C:\Program Files\Java\jdk1.8.0_131\    ||  .

2018-01-31 15:16:47:6346 |--->
Run_Path = C:\Users\coding\Desktop\Jetty_GUI_Admin_Tools\Jetty_GUI_Admin_Tools\Jetty_GUI_Admin_Tools\bin\Debug

2018-01-31 15:16:47:6376 |--->
JAVA_HOME = C:\Program Files\Java\jdk1.8.0_131\

2018-01-31 15:17:00:5116 |--->退出程序并且停止线程

2018-01-31 15:17:43:6556 |--->启动了软件

2018-01-31 15:17:50:6736 |--->MAIN检测系统环境变量，环境正常！C:\Program Files\Java\jdk1.8.0_131\    ||  .

2018-01-31 15:17:50:6846 |--->
Run_Path = C:\Users\coding\Desktop\Jetty_GUI_Admin_Tools\Jetty_GUI_Admin_Tools\Jetty_GUI_Admin_Tools\bin\Debug

2018-01-31 15:17:50:6876 |--->
JAVA_HOME = C:\Program Files\Java\jdk1.8.0_131\

2018-01-31 15:18:53:5256 |--->退出程序，点击了取消按钮

2018-01-31 15:19:02:0246 |--->启动了软件

2018-01-31 15:19:12:6556 |--->MAIN检测系统环境变量，环境正常！C:\Program Files\Java\jdk1.8.0_131\    ||  .

2018-01-31 15:19:12:6776 |--->
Run_Path = C:\Users\coding\Desktop\Jetty_GUI_Admin_Tools\Jetty_GUI_Admin_Tools\Jetty_GUI_Admin_Tools\bin\Debug

2018-01-31 15:19:12:6796 |--->
JAVA_HOME = C:\Program Files\Java\jdk1.8.0_131\

2018-01-31 15:19:20:3546 |--->退出程序并且停止线程

2018-01-31 15:28:47:8586 |--->启动了软件

2018-01-31 15:28:54:4136 |--->MAIN检测系统环境变量，环境正常！C:\Program Files\Java\jdk1.8.0_131\    ||  .

2018-01-31 15:28:54:4366 |--->
Run_Path = C:\Users\coding\Desktop\Jetty_GUI_Admin_Tools\Jetty_GUI_Admin_Tools\Jetty_GUI_Admin_Tools\bin\Debug

2018-01-31 15:28:54:4386 |--->
JAVA_HOME = C:\Program Files\Java\jdk1.8.0_131\

2018-01-31 15:29:13:1686 |--->退出程序并且停止线程

2018-01-31 15:30:57:7166 |--->启动了软件

2018-01-31 15:31:04:1396 |--->MAIN检测系统环境变量，环境正常！C:\Program Files\Java\jdk1.8.0_131\    ||  .

2018-01-31 15:31:04:1556 |--->
Run_Path = C:\Users\coding\Desktop\Jetty_GUI_Admin_Tools\Jetty_GUI_Admin_Tools\Jetty_GUI_Admin_Tools\bin\Debug

2018-01-31 15:31:04:1586 |--->
JAVA_HOME = C:\Program Files\Java\jdk1.8.0_131\

2018-01-31 15:31:11:1446 |--->退出程序并且停止线程

2018-01-31 15:31:38:3656 |--->启动了软件

2018-01-31 15:31:39:5756 |--->启动窗口点击了退出按钮

2018-01-31 15:31:47:5736 |--->启动了软件

2018-01-31 15:31:53:9496 |--->MAIN检测系统环境变量，环境正常！C:\Program Files\Java\jdk1.8.0_131\    ||  .

2018-01-31 15:31:53:9646 |--->
Run_Path = C:\Users\coding\Desktop\Jetty_GUI_Admin_Tools\Jetty_GUI_Admin_Tools\Jetty_GUI_Admin_Tools\bin\Debug

2018-01-31 15:31:53:9706 |--->
JAVA_HOME = C:\Program Files\Java\jdk1.8.0_131\

2018-01-31 15:32:00:0796 |--->退出程序并且停止线程

2018-01-31 15:32:30:3576 |--->启动了软件

2018-01-31 15:32:37:2086 |--->MAIN检测系统环境变量，环境正常！C:\Program Files\Java\jdk1.8.0_131\    ||  .

2018-01-31 15:32:37:2316 |--->
Run_Path = C:\Users\coding\Desktop\Jetty_GUI_Admin_Tools\Jetty_GUI_Admin_Tools\Jetty_GUI_Admin_Tools\bin\Debug

2018-01-31 15:32:37:2336 |--->
JAVA_HOME = C:\Program Files\Java\jdk1.8.0_131\

2018-01-31 15:32:42:7486 |--->退出程序并且停止线程

2018-01-31 15:33:29:3586 |--->启动了软件

2018-01-31 15:33:36:2596 |--->MAIN检测系统环境变量，环境正常！C:\Program Files\Java\jdk1.8.0_131\    ||  .

2018-01-31 15:33:36:2786 |--->
Run_Path = C:\Users\coding\Desktop\Jetty_GUI_Admin_Tools\Jetty_GUI_Admin_Tools\Jetty_GUI_Admin_Tools\bin\Debug

2018-01-31 15:33:36:2866 |--->
JAVA_HOME = C:\Program Files\Java\jdk1.8.0_131\

2018-01-31 15:34:17:0146 |--->退出程序并且停止线程

2018-01-31 15:34:26:6396 |--->启动了软件

2018-01-31 15:34:33:3066 |--->MAIN检测系统环境变量，环境正常！C:\Program Files\Java\jdk1.8.0_131\    ||  .

2018-01-31 15:34:33:3306 |--->
Run_Path = C:\Users\coding\Desktop\Jetty_GUI_Admin_Tools\Jetty_GUI_Admin_Tools\Jetty_GUI_Admin_Tools\bin\Debug

2018-01-31 15:34:33:3336 |--->
JAVA_HOME = C:\Program Files\Java\jdk1.8.0_131\

2018-01-31 15:36:19:7116 |--->退出程序并且停止线程

2018-01-31 15:36:26:6726 |--->启动了软件

2018-01-31 15:36:33:8956 |--->MAIN检测系统环境变量，环境正常！C:\Program Files\Java\jdk1.8.0_131\    ||  .

2018-01-31 15:36:33:9146 |--->
Run_Path = C:\Users\coding\Desktop\Jetty_GUI_Admin_Tools\Jetty_GUI_Admin_Tools\Jetty_GUI_Admin_Tools\bin\Debug

2018-01-31 15:36:33:9176 |--->
JAVA_HOME = C:\Program Files\Java\jdk1.8.0_131\

2018-01-31 15:37:52:1706 |--->退出程序并且停止线程

2018-01-31 15:40:58:8456 |--->启动了软件

2018-01-31 15:41:05:4386 |--->MAIN检测系统环境变量，环境正常！C:\Program Files\Java\jdk1.8.0_131\    ||  .

2018-01-31 15:41:05:4616 |--->
Run_Path = C:\Users\coding\Desktop\Jetty_GUI_Admin_Tools\Jetty_GUI_Admin_Tools\Jetty_GUI_Admin_Tools\bin\Debug

2018-01-31 15:41:05:4636 |--->
JAVA_HOME = C:\Program Files\Java\jdk1.8.0_131\

2018-01-31 15:42:14:9996 |--->退出程序并且停止线程

2018-01-31 15:52:09:6656 |--->启动了软件

2018-01-31 15:52:16:2666 |--->MAIN检测系统环境变量，环境正常！C:\Program Files\Java\jdk1.8.0_131\    ||  .

2018-01-31 15:52:16:2846 |--->
Run_Path = C:\Users\coding\Desktop\Jetty_GUI_Admin_Tools\Jetty_GUI_Admin_Tools\Jetty_GUI_Admin_Tools\bin\Debug

2018-01-31 15:52:16:2876 |--->
JAVA_HOME = C:\Program Files\Java\jdk1.8.0_131\

2018-01-31 15:52:53:9996 |--->退出程序并且停止线程

2018-01-31 15:53:30:1876 |--->启动了软件

2018-01-31 15:53:36:9136 |--->MAIN检测系统环境变量，环境正常！C:\Program Files\Java\jdk1.8.0_131\    ||  .

2018-01-31 15:53:36:9366 |--->
Run_Path = C:\Users\coding\Desktop\Jetty_GUI_Admin_Tools\Jetty_GUI_Admin_Tools\Jetty_GUI_Admin_Tools\bin\Debug

2018-01-31 15:53:36:9476 |--->
JAVA_HOME = C:\Program Files\Java\jdk1.8.0_131\

2018-01-31 15:54:06:9926 |--->退出程序并且停止线程

2018-01-31 15:54:26:2146 |--->启动了软件

2018-01-31 15:54:32:9536 |--->MAIN检测系统环境变量，环境正常！C:\Program Files\Java\jdk1.8.0_131\    ||  .

2018-01-31 15:54:32:9736 |--->
Run_Path = C:\Users\coding\Desktop\Jetty_GUI_Admin_Tools\Jetty_GUI_Admin_Tools\Jetty_GUI_Admin_Tools\bin\Debug

2018-01-31 15:54:32:9746 |--->
JAVA_HOME = C:\Program Files\Java\jdk1.8.0_131\

2018-01-31 15:55:35:8416 |--->打开了打赏窗口

2018-01-31 15:57:46:0286 |--->AI语音介绍

2018-01-31 15:58:36:1246 |--->退出程序并且停止线程

2018-01-31 16:04:08:6576 |--->启动了软件

2018-01-31 16:04:16:2076 |--->MAIN检测系统环境变量，环境正常！C:\Program Files\Java\jdk1.8.0_131\    ||  .

2018-01-31 16:04:16:2226 |--->
Run_Path = C:\Users\coding\Desktop\Jetty_GUI_Admin_Tools\Jetty_GUI_Admin_Tools\Jetty_GUI_Admin_Tools\bin\Debug

2018-01-31 16:04:16:2256 |--->
JAVA_HOME = C:\Program Files\Java\jdk1.8.0_131\

2018-01-31 16:04:23:9636 |--->退出程序并且停止线程

2018-01-31 16:06:05:2366 |--->启动了软件

2018-01-31 16:06:11:9126 |--->MAIN检测系统环境变量，环境正常！C:\Program Files\Java\jdk1.8.0_131\    ||  .

2018-01-31 16:06:11:9346 |--->
Run_Path = C:\Users\coding\Desktop\Jetty_GUI_Admin_Tools\Jetty_GUI_Admin_Tools\Jetty_GUI_Admin_Tools\bin\Debug

2018-01-31 16:06:11:9376 |--->
JAVA_HOME = C:\Program Files\Java\jdk1.8.0_131\

2018-01-31 16:06:30:2176 |--->退出程序并且停止线程

2018-01-31 16:07:12:9966 |--->启动了软件

2018-01-31 16:07:19:4796 |--->MAIN检测系统环境变量，环境正常！C:\Program Files\Java\jdk1.8.0_131\    ||  .

2018-01-31 16:07:19:5066 |--->
Run_Path = C:\Users\coding\Desktop\Jetty_GUI_Admin_Tools\Jetty_GUI_Admin_Tools\Jetty_GUI_Admin_Tools\bin\Debug

2018-01-31 16:07:19:5096 |--->
JAVA_HOME = C:\Program Files\Java\jdk1.8.0_131\

2018-01-31 16:07:37:4776 |--->退出程序并且停止线程

2018-01-31 16:08:00:5406 |--->启动了软件

2018-01-31 16:08:06:8706 |--->MAIN检测系统环境变量，环境正常！C:\Program Files\Java\jdk1.8.0_131\    ||  .

2018-01-31 16:08:06:8876 |--->
Run_Path = C:\Users\coding\Desktop\Jetty_GUI_Admin_Tools\Jetty_GUI_Admin_Tools\Jetty_GUI_Admin_Tools\bin\Debug

2018-01-31 16:08:06:8886 |--->
JAVA_HOME = C:\Program Files\Java\jdk1.8.0_131\

2018-01-31 16:08:32:8606 |--->退出程序并且停止线程

2018-01-31 16:10:15:5366 |--->启动了软件

2018-01-31 16:10:23:4416 |--->MAIN检测系统环境变量，环境正常！C:\Program Files\Java\jdk1.8.0_131\    ||  .

2018-01-31 16:10:23:4596 |--->
Run_Path = C:\Users\coding\Desktop\Jetty_GUI_Admin_Tools\Jetty_GUI_Admin_Tools\Jetty_GUI_Admin_Tools\bin\Debug

2018-01-31 16:10:23:4616 |--->
JAVA_HOME = C:\Program Files\Java\jdk1.8.0_131\

2018-01-31 16:10:56:3806 |--->退出程序并且停止线程

2018-01-31 16:21:37:3296 |--->启动了软件

2018-01-31 16:21:52:3116 |--->MAIN检测系统环境变量，环境正常！C:\Program Files\Java\jdk1.8.0_131\    ||  .

2018-01-31 16:21:52:3316 |--->
Run_Path = C:\Users\coding\Desktop\Jetty_GUI_Admin_Tools\Jetty_GUI_Admin_Tools\Jetty_GUI_Admin_Tools\bin\Debug

2018-01-31 16:21:52:3336 |--->
JAVA_HOME = C:\Program Files\Java\jdk1.8.0_131\

2018-01-31 16:22:35:4656 |--->退出程序并且停止线程

2018-01-31 16:23:14:9846 |--->启动了软件

2018-01-31 16:23:21:7866 |--->MAIN检测系统环境变量，环境正常！C:\Program Files\Java\jdk1.8.0_131\    ||  .

2018-01-31 16:23:21:7876 |--->
Run_Path = C:\Users\coding\Desktop\Jetty_GUI_Admin_Tools\Jetty_GUI_Admin_Tools\Jetty_GUI_Admin_Tools\bin\Debug

2018-01-31 16:23:21:7896 |--->
JAVA_HOME = C:\Program Files\Java\jdk1.8.0_131\

2018-01-31 16:24:17:2426 |--->启动了软件

2018-01-31 16:24:23:8256 |--->MAIN检测系统环境变量，环境正常！C:\Program Files\Java\jdk1.8.0_131\    ||  .

2018-01-31 16:24:23:8336 |--->
Run_Path = C:\Users\coding\Desktop\Jetty_GUI_Admin_Tools\Jetty_GUI_Admin_Tools\Jetty_GUI_Admin_Tools\bin\Debug

2018-01-31 16:24:23:8346 |--->
JAVA_HOME = C:\Program Files\Java\jdk1.8.0_131\

2018-01-31 16:27:14:4886 |--->启动了软件

2018-01-31 16:27:21:0966 |--->MAIN检测系统环境变量，环境正常！C:\Program Files\Java\jdk1.8.0_131\    ||  .

2018-01-31 16:27:21:1286 |--->
Run_Path = C:\Users\coding\Desktop\Jetty_GUI_Admin_Tools\Jetty_GUI_Admin_Tools\Jetty_GUI_Admin_Tools\bin\Debug

2018-01-31 16:27:21:1316 |--->
JAVA_HOME = C:\Program Files\Java\jdk1.8.0_131\

2018-01-31 16:27:27:7226 |--->退出程序并且停止线程

2018-01-31 16:34:11:4216 |--->启动了软件

2018-01-31 16:34:30:5726 |--->MAIN检测系统环境变量，环境正常！C:\Program Files\Java\jdk1.8.0_131\    ||  .

2018-01-31 16:34:30:6006 |--->
Run_Path = C:\Users\coding\Desktop\Jetty_GUI_Admin_Tools\Jetty_GUI_Admin_Tools\Jetty_GUI_Admin_Tools\bin\Debug

2018-01-31 16:34:30:6036 |--->
JAVA_HOME = C:\Program Files\Java\jdk1.8.0_131\

2018-01-31 16:35:19:6286 |--->退出程序并且停止线程

2018-01-31 16:36:52:6776 |--->启动了软件

2018-01-31 16:36:59:4146 |--->MAIN检测系统环境变量，环境正常！C:\Program Files\Java\jdk1.8.0_131\    ||  .

2018-01-31 16:36:59:4386 |--->
Run_Path = C:\Users\coding\Desktop\Jetty_GUI_Admin_Tools\Jetty_GUI_Admin_Tools\Jetty_GUI_Admin_Tools\bin\Debug

2018-01-31 16:36:59:4416 |--->
JAVA_HOME = C:\Program Files\Java\jdk1.8.0_131\

2018-01-31 16:52:11:9366 |--->退出程序并且停止线程

2018-01-31 16:52:19:8996 |--->启动了软件

2018-01-31 16:52:32:4886 |--->MAIN检测系统环境变量，环境正常！C:\Program Files\Java\jdk1.8.0_131\    ||  .

2018-01-31 16:52:32:5036 |--->
Run_Path = C:\Users\coding\Desktop\Jetty_GUI_Admin_Tools\Jetty_GUI_Admin_Tools\Jetty_GUI_Admin_Tools\bin\Debug

2018-01-31 16:52:32:5056 |--->
JAVA_HOME = C:\Program Files\Java\jdk1.8.0_131\

2018-01-31 17:01:18:0276 |--->最小化程序

2018-01-31 17:02:34:1666 |--->退出程序并且停止线程

2018-01-31 17:02:39:8026 |--->启动了软件

2018-01-31 17:02:46:6006 |--->MAIN检测系统环境变量，环境正常！C:\Program Files\Java\jdk1.8.0_131\    ||  .

2018-01-31 17:02:46:6226 |--->
Run_Path = C:\Users\coding\Desktop\Jetty_GUI_Admin_Tools\Jetty_GUI_Admin_Tools\Jetty_GUI_Admin_Tools\bin\Debug

2018-01-31 17:02:46:6246 |--->
JAVA_HOME = C:\Program Files\Java\jdk1.8.0_131\

2018-01-31 17:03:26:3046 |--->退出程序并且停止线程

2018-01-31 17:03:33:9376 |--->启动了软件

2018-01-31 17:03:41:0576 |--->MAIN检测系统环境变量，环境正常！C:\Program Files\Java\jdk1.8.0_131\    ||  .

2018-01-31 17:03:41:0806 |--->
Run_Path = C:\Users\coding\Desktop\Jetty_GUI_Admin_Tools\Jetty_GUI_Admin_Tools\Jetty_GUI_Admin_Tools\bin\Debug

2018-01-31 17:03:41:0826 |--->
JAVA_HOME = C:\Program Files\Java\jdk1.8.0_131\

2018-01-31 17:04:31:9306 |--->退出程序并且停止线程

2018-02-01 18:06:14:1160 |--->启动了软件

2018-02-01 18:06:21:0130 |--->MAIN检测系统环境变量，环境正常！C:\Program Files\Java\jdk1.8.0_131\    ||  .

2018-02-01 18:06:21:0410 |--->
Run_Path = C:\Users\coding\Desktop\Jetty_GUI_Admin_Tools\Jetty_GUI_Admin_Tools\Jetty_GUI_Admin_Tools\bin\Debug

2018-02-01 18:06:21:0440 |--->
JAVA_HOME = C:\Program Files\Java\jdk1.8.0_131\

2018-02-01 18:10:02:7970 |--->AI语音介绍

2018-02-01 18:10:21:6280 |--->打开了打赏窗口

2018-02-01 18:10:26:6310 |--->最小化程序

2018-02-01 18:10:56:9050 |--->退出程序并且停止线程

2018-02-01 18:14:13:4390 |--->启动了软件

2018-02-01 18:14:20:7650 |--->MAIN检测系统环境变量，环境正常！C:\Program Files\Java\jdk1.8.0_131\    ||  .

2018-02-01 18:14:20:7950 |--->
Run_Path = C:\Users\coding\Desktop\Jetty_GUI_Admin_Tools\Jetty_GUI_Admin_Tools\Jetty_GUI_Admin_Tools\bin\Debug

2018-02-01 18:14:20:8060 |--->
JAVA_HOME = C:\Program Files\Java\jdk1.8.0_131\

2018-02-01 18:18:00:4210 |--->退出程序并且停止线程

2018-02-01 18:30:49:6420 |--->启动了软件

2018-02-01 18:30:57:8820 |--->MAIN检测系统环境变量，环境正常！C:\Program Files\Java\jdk1.8.0_131\    ||  .

2018-02-01 18:30:57:9100 |--->
Run_Path = C:\Users\coding\Desktop\Jetty_GUI_Admin_Tools\Jetty_GUI_Admin_Tools\Jetty_GUI_Admin_Tools\bin\Debug

2018-02-01 18:30:57:9140 |--->
JAVA_HOME = C:\Program Files\Java\jdk1.8.0_131\

2018-02-01 18:31:09:4950 |--->AI语音介绍

2018-02-01 18:33:32:3390 |--->退出程序并且停止线程

2018-02-01 19:02:11:9210 |--->启动了软件

2018-02-01 19:02:18:7080 |--->MAIN检测系统环境变量，环境正常！C:\Program Files\Java\jdk1.8.0_131\    ||  .

2018-02-01 19:02:18:7150 |--->
Run_Path = C:\Users\coding\Desktop\Jetty_GUI_Admin_Tools\Jetty_GUI_Admin_Tools\Jetty_GUI_Admin_Tools\bin\Debug

2018-02-01 19:02:18:7160 |--->
JAVA_HOME = C:\Program Files\Java\jdk1.8.0_131\

2018-02-01 19:03:43:2970 |--->退出程序并且停止线程

2018-02-01 19:14:19:9490 |--->启动了软件

2018-02-01 19:14:27:2010 |--->MAIN检测系统环境变量，环境正常！C:\Program Files\Java\jdk1.8.0_131\    ||  .

2018-02-01 19:14:27:2310 |--->
Run_Path = C:\Users\coding\Desktop\Jetty_GUI_Admin_Tools\Jetty_GUI_Admin_Tools\Jetty_GUI_Admin_Tools\bin\Debug

2018-02-01 19:14:27:2370 |--->
JAVA_HOME = C:\Program Files\Java\jdk1.8.0_131\

2018-02-01 19:17:48:1890 |--->最小化程序

2018-02-01 19:20:54:4110 |--->AI语音介绍

2018-02-01 19:21:31:4790 |--->打开了打赏窗口

2018-02-01 19:24:17:6090 |--->退出程序并且停止线程

2018-02-01 19:25:41:4270 |--->启动了软件

2018-02-01 19:25:50:5770 |--->MAIN检测系统环境变量，环境正常！C:\Program Files\Java\jdk1.8.0_131\    ||  .

2018-02-01 19:25:50:6040 |--->
Run_Path = C:\Users\coding\Desktop\Jetty_GUI_Admin_Tools\Jetty_GUI_Admin_Tools\Jetty_GUI_Admin_Tools\bin\Debug

2018-02-01 19:25:50:6070 |--->
JAVA_HOME = C:\Program Files\Java\jdk1.8.0_131\

2018-02-01 19:27:00:6510 |--->退出程序，点击了取消按钮

2018-02-01 19:27:31:4220 |--->退出程序并且停止线程

2018-02-01 19:44:34:3580 |--->启动了软件

2018-02-01 19:44:41:6870 |--->MAIN检测系统环境变量，环境正常！C:\Program Files\Java\jdk1.8.0_131\    ||  .

2018-02-01 19:44:41:7260 |--->
Run_Path = C:\Users\coding\Desktop\Jetty_GUI_Admin_Tools\Jetty_GUI_Admin_Tools\Jetty_GUI_Admin_Tools\bin\Debug

2018-02-01 19:44:41:7290 |--->
JAVA_HOME = C:\Program Files\Java\jdk1.8.0_131\

2018-02-01 19:46:21:7560 |--->启动了软件

2018-02-01 19:46:28:5050 |--->MAIN检测系统环境变量，环境正常！C:\Program Files\Java\jdk1.8.0_131\    ||  .

2018-02-01 19:46:28:5140 |--->
Run_Path = C:\Users\coding\Desktop\Jetty_GUI_Admin_Tools\Jetty_GUI_Admin_Tools\Jetty_GUI_Admin_Tools\bin\Debug

2018-02-01 19:46:28:5290 |--->
JAVA_HOME = C:\Program Files\Java\jdk1.8.0_131\

2018-02-01 19:49:00:6950 |--->启动了软件

2018-02-01 19:49:07:3460 |--->MAIN检测系统环境变量，环境正常！C:\Program Files\Java\jdk1.8.0_131\    ||  .

2018-02-01 19:49:07:3510 |--->
Run_Path = C:\Users\coding\Desktop\Jetty_GUI_Admin_Tools\Jetty_GUI_Admin_Tools\Jetty_GUI_Admin_Tools\bin\Debug

2018-02-01 19:49:07:3540 |--->
JAVA_HOME = C:\Program Files\Java\jdk1.8.0_131\

2018-02-01 20:08:21:1990 |--->启动了软件

2018-02-01 20:08:28:4720 |--->MAIN检测系统环境变量，环境正常！C:\Program Files\Java\jdk1.8.0_131\    ||  .

2018-02-01 20:08:28:4860 |--->
Run_Path = C:\Users\coding\Desktop\Jetty_GUI_Admin_Tools\Jetty_GUI_Admin_Tools\Jetty_GUI_Admin_Tools\bin\Debug

2018-02-01 20:08:28:4880 |--->
JAVA_HOME = C:\Program Files\Java\jdk1.8.0_131\

2018-02-01 20:08:44:8500 |--->退出程序并且停止线程

2018-02-01 20:09:07:9750 |--->启动了软件

2018-02-01 20:09:14:7590 |--->MAIN检测系统环境变量，环境正常！C:\Program Files\Java\jdk1.8.0_131\    ||  .

2018-02-01 20:09:14:7880 |--->
Run_Path = C:\Users\coding\Desktop\Jetty_GUI_Admin_Tools\Jetty_GUI_Admin_Tools\Jetty_GUI_Admin_Tools\bin\Debug

2018-02-01 20:09:14:8000 |--->
JAVA_HOME = C:\Program Files\Java\jdk1.8.0_131\

2018-02-01 20:10:43:5900 |--->最小化程序

2018-02-01 20:12:09:4840 |--->启动了软件

2018-02-01 20:12:16:3150 |--->MAIN检测系统环境变量，环境正常！C:\Program Files\Java\jdk1.8.0_131\    ||  .

2018-02-01 20:12:16:3440 |--->
Run_Path = C:\Users\coding\Desktop\Jetty_GUI_Admin_Tools\Jetty_GUI_Admin_Tools\Jetty_GUI_Admin_Tools\bin\Debug

2018-02-01 20:12:16:3470 |--->
JAVA_HOME = C:\Program Files\Java\jdk1.8.0_131\

2018-02-01 20:15:06:2420 |--->退出程序并且停止线程

2018-02-01 20:15:51:6540 |--->启动了软件

2018-02-01 20:15:58:5870 |--->MAIN检测系统环境变量，环境正常！C:\Program Files\Java\jdk1.8.0_131\    ||  .

2018-02-01 20:15:58:6200 |--->
Run_Path = C:\Users\coding\Desktop\Jetty_GUI_Admin_Tools\Jetty_GUI_Admin_Tools\Jetty_GUI_Admin_Tools\bin\Debug

2018-02-01 20:15:58:6240 |--->
JAVA_HOME = C:\Program Files\Java\jdk1.8.0_131\

2018-02-01 20:16:25:8490 |--->启动了软件

2018-02-01 20:16:32:4160 |--->MAIN检测系统环境变量，环境正常！C:\Program Files\Java\jdk1.8.0_131\    ||  .

2018-02-01 20:16:32:4440 |--->
Run_Path = C:\Users\coding\Desktop\Jetty_GUI_Admin_Tools\Jetty_GUI_Admin_Tools\Jetty_GUI_Admin_Tools\bin\Debug

2018-02-01 20:16:32:4460 |--->
JAVA_HOME = C:\Program Files\Java\jdk1.8.0_131\

2018-02-01 20:17:00:5050 |--->退出程序并且停止线程

2018-02-01 20:18:26:4174 |--->启动了软件

2018-02-01 20:18:33:7954 |--->MAIN检测系统环境变量，环境正常！C:\Program Files\Java\jdk1.8.0_131\    ||  .

2018-02-01 20:18:33:8024 |--->
Run_Path = C:\Users\coding\Desktop\Jetty_GUI_Admin_Tools\Jetty_GUI_Admin_Tools\Jetty_GUI_Admin_Tools\bin\Debug

2018-02-01 20:18:33:8034 |--->
JAVA_HOME = C:\Program Files\Java\jdk1.8.0_131\

2018-02-01 20:18:35:7354 |--->退出程序并且停止线程

2018-02-01 20:19:15:0874 |--->启动了软件

2018-02-01 20:19:22:4344 |--->MAIN检测系统环境变量，环境正常！C:\Program Files\Java\jdk1.8.0_131\    ||  .

2018-02-01 20:19:22:4424 |--->
Run_Path = C:\Users\coding\Desktop\Jetty_GUI_Admin_Tools\Jetty_GUI_Admin_Tools\Jetty_GUI_Admin_Tools\bin\Debug

2018-02-01 20:19:22:4434 |--->
JAVA_HOME = C:\Program Files\Java\jdk1.8.0_131\

2018-02-01 20:22:36:8594 |--->退出程序并且停止线程

2018-02-02 11:30:49:1094 |--->启动了软件

2018-02-02 11:31:02:2084 |--->MAIN检测系统环境变量，环境正常！C:\Program Files\Java\jdk1.8.0_131\    ||  .

2018-02-02 11:31:02:2354 |--->
Run_Path = C:\Users\coding\Desktop\Jetty_GUI_Admin_Tools\Jetty_GUI_Admin_Tools\Jetty_GUI_Admin_Tools\bin\Debug

2018-02-02 11:31:02:2394 |--->
JAVA_HOME = C:\Program Files\Java\jdk1.8.0_131\

2018-02-02 11:31:20:4844 |--->AI语音介绍

2018-02-02 11:31:43:4614 |--->点击了联系作者

2018-02-02 11:31:54:1794 |--->退出程序，点击了取消按钮

2018-02-02 11:31:56:8054 |--->退出程序，点击了取消按钮

2018-02-02 11:33:14:5494 |--->退出程序，点击了取消按钮

2018-02-02 11:33:23:6634 |--->打开了打赏窗口

2018-02-02 11:33:31:4374 |--->退出程序，点击了取消按钮

2018-02-02 11:33:34:4364 |--->退出程序并且停止线程

2018-02-02 11:59:44:5314 |--->启动了软件

2018-02-02 11:59:53:0014 |--->MAIN检测系统环境变量，环境正常！C:\Program Files\Java\jdk1.8.0_131\    ||  .

2018-02-02 11:59:53:0254 |--->
Run_Path = C:\Users\coding\Desktop\Jetty_GUI_Admin_Tools\Jetty_GUI_Admin_Tools\Jetty_GUI_Admin_Tools\bin\Debug

2018-02-02 11:59:53:0274 |--->
JAVA_HOME = C:\Program Files\Java\jdk1.8.0_131\

2018-02-02 12:01:28:5214 |--->AI语音介绍

2018-02-02 12:01:57:0884 |--->退出程序，点击了取消按钮

2018-02-02 12:03:15:8974 |--->退出程序，点击了取消按钮

2018-02-02 12:03:20:8824 |--->退出程序并且停止线程

2018-02-02 13:42:30:9794 |--->启动了软件

2018-02-02 13:42:38:2804 |--->MAIN检测系统环境变量，环境正常！C:\Program Files\Java\jdk1.8.0_131\    ||  .

2018-02-02 13:42:38:3074 |--->
Run_Path = C:\Users\coding\Desktop\Jetty_GUI_Admin_Tools\Jetty_GUI_Admin_Tools\Jetty_GUI_Admin_Tools\bin\Debug

2018-02-02 13:42:38:3104 |--->
JAVA_HOME = C:\Program Files\Java\jdk1.8.0_131\

2018-02-02 13:43:22:4764 |--->启动了软件

2018-02-02 13:43:29:6344 |--->MAIN检测系统环境变量，环境正常！C:\Program Files\Java\jdk1.8.0_131\    ||  .

2018-02-02 13:43:29:6564 |--->
Run_Path = C:\Users\coding\Desktop\Jetty_GUI_Admin_Tools\Jetty_GUI_Admin_Tools\Jetty_GUI_Admin_Tools\bin\Debug

2018-02-02 13:43:29:6584 |--->
JAVA_HOME = C:\Program Files\Java\jdk1.8.0_131\

2018-02-02 13:45:26:1754 |--->退出程序并且停止线程

2018-02-02 13:46:35:8544 |--->启动了软件

2018-02-02 13:46:42:5004 |--->MAIN检测系统环境变量，环境正常！C:\Program Files\Java\jdk1.8.0_131\    ||  .

2018-02-02 13:46:42:5314 |--->
Run_Path = C:\Users\coding\Desktop\Jetty_GUI_Admin_Tools\Jetty_GUI_Admin_Tools\Jetty_GUI_Admin_Tools\bin\Debug

2018-02-02 13:46:42:5334 |--->
JAVA_HOME = C:\Program Files\Java\jdk1.8.0_131\

2018-02-02 13:47:13:8124 |--->退出程序并且停止线程

2018-02-02 13:48:39:2814 |--->启动了软件

2018-02-02 13:48:46:1464 |--->MAIN检测系统环境变量，环境正常！C:\Program Files\Java\jdk1.8.0_131\    ||  .

2018-02-02 13:48:46:1604 |--->
Run_Path = C:\Users\coding\Desktop\Jetty_GUI_Admin_Tools\Jetty_GUI_Admin_Tools\Jetty_GUI_Admin_Tools\bin\Debug

2018-02-02 13:48:46:1624 |--->
JAVA_HOME = C:\Program Files\Java\jdk1.8.0_131\

2018-02-02 13:49:06:6874 |--->退出程序并且停止线程

2018-02-02 13:51:11:1214 |--->启动了软件

2018-02-02 13:51:21:5544 |--->MAIN检测系统环境变量，环境正常！C:\Program Files\Java\jdk1.8.0_131\    ||  .

2018-02-02 13:51:21:5784 |--->
Run_Path = C:\Users\coding\Desktop\Jetty_GUI_Admin_Tools\Jetty_GUI_Admin_Tools\Jetty_GUI_Admin_Tools\bin\Debug

2018-02-02 13:51:21:5804 |--->
JAVA_HOME = C:\Program Files\Java\jdk1.8.0_131\

2018-02-02 13:53:05:7414 |--->启动了软件

2018-02-02 13:53:12:3324 |--->MAIN检测系统环境变量，环境正常！C:\Program Files\Java\jdk1.8.0_131\    ||  .

2018-02-02 13:53:12:3594 |--->
Run_Path = C:\Users\coding\Desktop\Jetty_GUI_Admin_Tools\Jetty_GUI_Admin_Tools\Jetty_GUI_Admin_Tools\bin\Debug

2018-02-02 13:53:12:3614 |--->
JAVA_HOME = C:\Program Files\Java\jdk1.8.0_131\

2018-02-02 13:54:22:3714 |--->启动了软件

2018-02-02 13:54:28:8974 |--->MAIN检测系统环境变量，环境正常！C:\Program Files\Java\jdk1.8.0_131\    ||  .

2018-02-02 13:54:28:9144 |--->
Run_Path = C:\Users\coding\Desktop\Jetty_GUI_Admin_Tools\Jetty_GUI_Admin_Tools\Jetty_GUI_Admin_Tools\bin\Debug

2018-02-02 13:54:28:9174 |--->
JAVA_HOME = C:\Program Files\Java\jdk1.8.0_131\

2018-02-02 14:22:38:5404 |--->退出程序并且停止线程

2018-02-02 14:23:14:8764 |--->启动了软件

2018-02-02 14:23:25:1244 |--->MAIN检测系统环境变量，环境正常！C:\Program Files\Java\jdk1.8.0_131\    ||  .

2018-02-02 14:23:25:1314 |--->
Run_Path = C:\Users\coding\Desktop\Jetty_GUI_Admin_Tools\Jetty_GUI_Admin_Tools\Jetty_GUI_Admin_Tools\bin\Debug

2018-02-02 14:23:25:1324 |--->
JAVA_HOME = C:\Program Files\Java\jdk1.8.0_131\

2018-02-02 14:24:52:0144 |--->启动了软件

2018-02-02 14:24:58:7244 |--->MAIN检测系统环境变量，环境正常！C:\Program Files\Java\jdk1.8.0_131\    ||  .

2018-02-02 14:24:58:7394 |--->
Run_Path = C:\Users\coding\Desktop\Jetty_GUI_Admin_Tools\Jetty_GUI_Admin_Tools\Jetty_GUI_Admin_Tools\bin\Debug

2018-02-02 14:24:58:7444 |--->
JAVA_HOME = C:\Program Files\Java\jdk1.8.0_131\

2018-02-02 14:25:36:9684 |--->退出程序并且停止线程

2018-02-02 14:26:38:8964 |--->启动了软件

2018-02-02 14:26:45:6134 |--->MAIN检测系统环境变量，环境正常！C:\Program Files\Java\jdk1.8.0_131\    ||  .

2018-02-02 14:26:45:6344 |--->
Run_Path = C:\Users\coding\Desktop\Jetty_GUI_Admin_Tools\Jetty_GUI_Admin_Tools\Jetty_GUI_Admin_Tools\bin\Debug

2018-02-02 14:26:45:6374 |--->
JAVA_HOME = C:\Program Files\Java\jdk1.8.0_131\

2018-02-02 14:28:07:1674 |--->启动了软件

2018-02-02 14:28:14:4114 |--->MAIN检测系统环境变量，环境正常！C:\Program Files\Java\jdk1.8.0_131\    ||  .

2018-02-02 14:28:14:4374 |--->
Run_Path = C:\Users\coding\Desktop\Jetty_GUI_Admin_Tools\Jetty_GUI_Admin_Tools\Jetty_GUI_Admin_Tools\bin\Debug

2018-02-02 14:28:14:4414 |--->
JAVA_HOME = C:\Program Files\Java\jdk1.8.0_131\

2018-02-02 14:33:04:4264 |--->启动了软件

2018-02-02 14:33:10:8024 |--->MAIN检测系统环境变量，环境正常！C:\Program Files\Java\jdk1.8.0_131\    ||  .

2018-02-02 14:33:10:8234 |--->
Run_Path = C:\Users\coding\Desktop\Jetty_GUI_Admin_Tools\Jetty_GUI_Admin_Tools\Jetty_GUI_Admin_Tools\bin\Debug

2018-02-02 14:33:10:8264 |--->
JAVA_HOME = C:\Program Files\Java\jdk1.8.0_131\

2018-02-02 14:40:42:6284 |--->启动了软件

2018-02-02 14:40:49:5644 |--->MAIN检测系统环境变量，环境正常！C:\Program Files\Java\jdk1.8.0_131\    ||  .

2018-02-02 14:40:49:5724 |--->
Run_Path = C:\Users\coding\Desktop\Jetty_GUI_Admin_Tools\Jetty_GUI_Admin_Tools\Jetty_GUI_Admin_Tools\bin\Debug

2018-02-02 14:40:49:5734 |--->
JAVA_HOME = C:\Program Files\Java\jdk1.8.0_131\

2018-02-02 14:41:15:4774 |--->退出程序并且停止线程

2018-02-02 14:43:18:9764 |--->启动了软件

2018-02-02 14:43:26:1804 |--->MAIN检测系统环境变量，环境正常！C:\Program Files\Java\jdk1.8.0_131\    ||  .

2018-02-02 14:43:26:2024 |--->
Run_Path = C:\Users\coding\Desktop\Jetty_GUI_Admin_Tools\Jetty_GUI_Admin_Tools\Jetty_GUI_Admin_Tools\bin\Debug

2018-02-02 14:43:26:2034 |--->
JAVA_HOME = C:\Program Files\Java\jdk1.8.0_131\

2018-02-02 14:44:25:2874 |--->退出程序并且停止线程

2018-02-02 14:45:53:0814 |--->启动了软件

2018-02-02 14:46:00:2324 |--->MAIN检测系统环境变量，环境正常！C:\Program Files\Java\jdk1.8.0_131\    ||  .

2018-02-02 14:46:00:2574 |--->
Run_Path = C:\Users\coding\Desktop\Jetty_GUI_Admin_Tools\Jetty_GUI_Admin_Tools\Jetty_GUI_Admin_Tools\bin\Debug

2018-02-02 14:46:00:2594 |--->
JAVA_HOME = C:\Program Files\Java\jdk1.8.0_131\

2018-02-02 14:46:36:6214 |--->退出程序并且停止线程

2018-02-02 14:47:21:6194 |--->启动了软件

2018-02-02 14:47:22:9894 |--->启动窗口点击了退出按钮

2018-02-02 14:47:25:6354 |--->启动了软件

2018-02-02 14:47:37:5484 |--->MAIN检测系统环境变量，环境正常！C:\Program Files\Java\jdk1.8.0_131\    ||  .

2018-02-02 14:47:37:5684 |--->
Run_Path = C:\Users\coding\Desktop\Jetty_GUI_Admin_Tools\Jetty_GUI_Admin_Tools\Jetty_GUI_Admin_Tools\bin\Debug

2018-02-02 14:47:37:5704 |--->
JAVA_HOME = C:\Program Files\Java\jdk1.8.0_131\

2018-02-02 14:48:33:4664 |--->启动了软件

2018-02-02 14:48:38:6254 |--->MAIN检测系统环境变量，环境正常！C:\Program Files\Java\jdk1.8.0_131\    ||  .

2018-02-02 14:48:38:6274 |--->
Run_Path = C:\Users\coding\Desktop\Jetty_GUI_Admin_Tools\Jetty_GUI_Admin_Tools\Jetty_GUI_Admin_Tools\bin\Debug

2018-02-02 14:48:38:6284 |--->
JAVA_HOME = C:\Program Files\Java\jdk1.8.0_131\

2018-02-02 14:55:57:8994 |--->启动了软件

2018-02-02 14:56:03:0424 |--->MAIN检测系统环境变量，环境正常！C:\Program Files\Java\jdk1.8.0_131\    ||  .

2018-02-02 14:56:03:0474 |--->
Run_Path = C:\Users\coding\Desktop\Jetty_GUI_Admin_Tools\Jetty_GUI_Admin_Tools\Jetty_GUI_Admin_Tools\bin\Debug

2018-02-02 14:56:03:0474 |--->
JAVA_HOME = C:\Program Files\Java\jdk1.8.0_131\

2018-02-02 14:56:28:3604 |--->退出程序并且停止线程

2018-02-02 15:05:31:0844 |--->启动了软件

2018-02-02 15:05:45:9874 |--->退出程序，点击了取消按钮

2018-02-02 15:05:45:9894 |--->MAIN检测系统环境变量，环境正常！C:\Program Files\Java\jdk1.8.0_131\    ||  .

2018-02-02 15:05:45:9944 |--->
Run_Path = C:\Users\coding\Desktop\Jetty_GUI_Admin_Tools\Jetty_GUI_Admin_Tools\Jetty_GUI_Admin_Tools\bin\Debug

2018-02-02 15:05:45:9954 |--->
JAVA_HOME = C:\Program Files\Java\jdk1.8.0_131\

2018-02-02 15:06:45:1584 |--->启动了软件

2018-02-02 15:07:04:7724 |--->MAIN检测系统环境变量，环境正常！C:\Program Files\Java\jdk1.8.0_131\    ||  .

2018-02-02 15:07:04:7864 |--->
Run_Path = C:\Users\coding\Desktop\Jetty_GUI_Admin_Tools\Jetty_GUI_Admin_Tools\Jetty_GUI_Admin_Tools\bin\Debug

2018-02-02 15:07:04:7914 |--->
JAVA_HOME = C:\Program Files\Java\jdk1.8.0_131\

2018-02-02 15:07:12:4704 |--->退出程序并且停止线程

2018-02-02 15:16:49:3744 |--->启动了软件

2018-02-02 15:16:55:4354 |--->程序启动初始化检测版本，当前服务器版本为:1.0.0.0

2018-02-02 15:16:55:4374 |--->MAIN检测系统环境变量，环境正常！C:\Program Files\Java\jdk1.8.0_131\    ||  .

2018-02-02 15:16:55:4454 |--->
Run_Path = C:\Users\coding\Desktop\Jetty_GUI_Admin_Tools\Jetty_GUI_Admin_Tools\Jetty_GUI_Admin_Tools\bin\Debug

2018-02-02 15:16:55:4464 |--->
JAVA_HOME = C:\Program Files\Java\jdk1.8.0_131\

2018-02-02 15:16:58:9434 |--->正常启动了Jetty了

2018-02-02 15:17:17:9574 |--->停止Jetty了

2018-02-02 15:17:19:2884 |--->默认启动了jetty

2018-02-02 15:17:28:2094 |--->停止Jetty了

2018-02-02 15:17:36:3574 |--->正常启动了Jetty了

2018-02-02 15:17:52:6024 |--->正常启动了Jetty了

2018-02-02 15:17:53:8894 |--->停止Jetty了

2018-02-02 15:18:01:2924 |--->正常启动了Jetty了

2018-02-02 15:18:15:7834 |--->退出程序并且停止线程

2018-02-02 15:19:58:5134 |--->启动了软件

2018-02-02 15:20:04:6854 |--->程序启动初始化检测版本，当前服务器版本为:1.0.0.0

2018-02-02 15:20:04:6864 |--->MAIN检测系统环境变量，环境正常！C:\Program Files\Java\jdk1.8.0_131\    ||  .

2018-02-02 15:20:04:6944 |--->
Run_Path = C:\Users\coding\Desktop\Jetty_GUI_Admin_Tools\Jetty_GUI_Admin_Tools\Jetty_GUI_Admin_Tools\bin\Debug

2018-02-02 15:20:04:6954 |--->
JAVA_HOME = C:\Program Files\Java\jdk1.8.0_131\

2018-02-02 15:20:06:5924 |--->正常启动了Jetty了

2018-02-02 15:20:13:8584 |--->停止Jetty了

2018-02-02 15:20:23:4214 |--->默认启动了jetty

2018-02-02 15:20:33:3304 |--->正常启动了Jetty了

2018-02-02 15:20:34:7084 |--->停止Jetty了

2018-02-02 15:20:45:7484 |--->点击了检测更新！

2018-02-02 15:20:50:6244 |--->点击了检测更新！

2018-02-02 15:20:53:3604 |--->退出程序并且停止线程

2018-02-02 15:23:52:2604 |--->启动了软件

2018-02-02 15:23:58:5364 |--->程序启动初始化检测版本，当前服务器版本为:1.0.0.0

2018-02-02 15:23:58:5374 |--->MAIN检测系统环境变量，环境正常！C:\Program Files\Java\jdk1.8.0_131\    ||  .

2018-02-02 15:23:58:5444 |--->
Run_Path = C:\Users\coding\Desktop\Jetty_GUI_Admin_Tools\Jetty_GUI_Admin_Tools\Jetty_GUI_Admin_Tools\bin\Debug

2018-02-02 15:23:58:5454 |--->
JAVA_HOME = C:\Program Files\Java\jdk1.8.0_131\

2018-02-02 15:24:02:5074 |--->点击了检测更新！

2018-02-02 15:24:06:4274 |--->退出程序并且停止线程

2018-02-02 15:24:51:7264 |--->启动了软件

2018-02-02 15:24:57:7024 |--->程序启动初始化检测版本，当前服务器版本为:1.0.0.0

2018-02-02 15:24:57:7054 |--->MAIN检测系统环境变量，环境正常！C:\Program Files\Java\jdk1.8.0_131\    ||  .

2018-02-02 15:24:57:7134 |--->
Run_Path = C:\Users\coding\Desktop\Jetty_GUI_Admin_Tools\Jetty_GUI_Admin_Tools\Jetty_GUI_Admin_Tools\bin\Debug

2018-02-02 15:24:57:7154 |--->
JAVA_HOME = C:\Program Files\Java\jdk1.8.0_131\

2018-02-02 15:59:35:0104 |--->启动了软件

2018-02-02 15:59:42:5374 |--->程序启动初始化检测版本，当前服务器版本为:1.0.0.0

2018-02-02 15:59:42:5414 |--->MAIN检测系统环境变量，环境正常！C:\Program Files\Java\jdk1.8.0_131\    ||  .

2018-02-02 15:59:42:5644 |--->
Run_Path = C:\Users\coding\Desktop\Jetty_GUI_Admin_Tools\Jetty_GUI_Admin_Tools\Jetty_GUI_Admin_Tools\bin\Debug

2018-02-02 15:59:42:5664 |--->
JAVA_HOME = C:\Program Files\Java\jdk1.8.0_131\

2018-02-02 15:59:47:1714 |--->正常启动了Jetty了

2018-02-02 16:00:00:9014 |--->正常启动了Jetty了

2018-02-02 16:00:03:6424 |--->停止Jetty了

2018-02-02 16:00:04:5904 |--->正常启动了Jetty了

2018-02-02 16:00:22:7004 |--->正常启动了Jetty了

2018-02-02 16:00:24:6344 |--->停止Jetty了

2018-02-02 16:00:26:1914 |--->正常启动了Jetty了

2018-02-02 16:00:42:9194 |--->退出程序并且停止线程

2018-02-02 16:06:00:2144 |--->启动了软件

2018-02-02 16:06:06:9014 |--->程序启动初始化检测版本，当前服务器版本为:1.0.0.0

2018-02-02 16:06:06:9074 |--->MAIN检测系统环境变量，环境正常！C:\Program Files\Java\jdk1.8.0_131\    ||  .

2018-02-02 16:06:06:9264 |--->
Run_Path = C:\Users\coding\Desktop\Jetty_GUI_Admin_Tools\Jetty_GUI_Admin_Tools\Jetty_GUI_Admin_Tools\bin\Debug

2018-02-02 16:06:06:9284 |--->
JAVA_HOME = C:\Program Files\Java\jdk1.8.0_131\

2018-02-02 16:06:25:4094 |--->默认启动了jetty

2018-02-02 16:06:38:5384 |--->停止Jetty了

2018-02-02 16:06:44:1254 |--->正常启动了Jetty了

2018-02-02 16:07:22:2894 |--->停止Jetty了

2018-02-02 16:07:23:2624 |--->正常启动了Jetty了

2018-02-02 16:08:51:0194 |--->停止Jetty了

2018-02-02 16:08:58:0414 |--->退出程序并且停止线程

2018-02-02 16:09:46:3384 |--->启动了软件

2018-02-02 16:09:53:3504 |--->程序启动初始化检测版本，当前服务器版本为:1.0.0.0

2018-02-02 16:09:53:3554 |--->MAIN检测系统环境变量，环境正常！C:\Program Files\Java\jdk1.8.0_131\    ||  .

2018-02-02 16:09:53:3734 |--->
Run_Path = C:\Users\coding\Desktop\Jetty_GUI_Admin_Tools\Jetty_GUI_Admin_Tools\Jetty_GUI_Admin_Tools\bin\Debug

2018-02-02 16:09:53:3754 |--->
JAVA_HOME = C:\Program Files\Java\jdk1.8.0_131\

2018-02-02 16:10:16:1564 |--->正常启动了Jetty了

2018-02-02 16:10:29:2634 |--->正常启动了Jetty了

2018-02-02 16:10:30:3274 |--->停止Jetty了

2018-02-02 16:11:14:0684 |--->退出程序并且停止线程

2018-02-02 16:11:21:4744 |--->启动了软件

2018-02-02 16:11:28:3694 |--->程序启动初始化检测版本，当前服务器版本为:1.0.0.0

2018-02-02 16:11:28:3744 |--->MAIN检测系统环境变量，环境正常！C:\Program Files\Java\jdk1.8.0_131\    ||  .

2018-02-02 16:11:28:3984 |--->
Run_Path = C:\Users\coding\Desktop\Jetty_GUI_Admin_Tools\Jetty_GUI_Admin_Tools\Jetty_GUI_Admin_Tools\bin\Debug

2018-02-02 16:11:28:4004 |--->
JAVA_HOME = C:\Program Files\Java\jdk1.8.0_131\

2018-02-02 16:11:30:5144 |--->正常启动了Jetty了

2018-02-02 16:11:42:0454 |--->停止Jetty了

2018-02-02 16:11:47:3774 |--->默认启动了jetty

2018-02-02 16:11:54:8024 |--->停止Jetty了

2018-02-02 16:12:11:8884 |--->退出程序并且停止线程

2018-02-02 16:15:42:5114 |--->启动了软件

2018-02-02 16:15:49:4334 |--->程序启动初始化检测版本，当前服务器版本为:1.0.0.0

2018-02-02 16:15:49:4384 |--->MAIN检测系统环境变量，环境正常！C:\Program Files\Java\jdk1.8.0_131\    ||  .

2018-02-02 16:15:49:4594 |--->
Run_Path = C:\Users\coding\Desktop\Jetty_GUI_Admin_Tools\Jetty_GUI_Admin_Tools\Jetty_GUI_Admin_Tools\bin\Debug

2018-02-02 16:15:49:4604 |--->
JAVA_HOME = C:\Program Files\Java\jdk1.8.0_131\

2018-02-02 16:15:53:7594 |--->正常启动了Jetty了

2018-02-02 16:16:03:9844 |--->退出程序并且停止线程

2018-02-02 16:21:11:6454 |--->启动了软件

2018-02-02 16:21:17:6804 |--->程序启动初始化检测版本，当前服务器版本为:1.0.0.0

2018-02-02 16:21:17:6814 |--->MAIN检测系统环境变量，环境正常！C:\Program Files\Java\jdk1.8.0_131\    ||  .

2018-02-02 16:21:17:6884 |--->
Run_Path = C:\Users\coding\Desktop\Jetty_GUI_Admin_Tools\Jetty_GUI_Admin_Tools\Jetty_GUI_Admin_Tools\bin\Debug

2018-02-02 16:21:17:6894 |--->
JAVA_HOME = C:\Program Files\Java\jdk1.8.0_131\

2018-02-02 16:21:33:6304 |--->AI语音介绍

2018-02-02 16:23:12:2304 |--->打开了打赏窗口

2018-02-02 16:25:43:6834 |--->退出程序并且停止线程

2018-02-02 16:31:24:2024 |--->启动了软件

2018-02-02 16:31:30:1754 |--->程序启动初始化检测版本，当前服务器版本为:1.0.0.0

2018-02-02 16:31:30:1794 |--->MAIN检测系统环境变量，环境正常！C:\Program Files\Java\jdk1.8.0_131\    ||  .

2018-02-02 16:31:30:1994 |--->
Run_Path = C:\Users\coding\Desktop\Jetty_GUI_Admin_Tools\Jetty_GUI_Admin_Tools\Jetty_GUI_Admin_Tools\bin\Debug

2018-02-02 16:31:30:2014 |--->
JAVA_HOME = C:\Program Files\Java\jdk1.8.0_131\

2018-02-02 16:31:35:0014 |--->点击了检测更新！

2018-02-02 16:33:09:4534 |--->正常启动了Jetty了

2018-02-02 16:33:57:3794 |--->打开了打赏窗口

2018-02-02 16:34:03:7674 |--->AI语音介绍

2018-02-02 16:34:24:9494 |--->正常启动了Jetty了

2018-02-02 16:34:29:1924 |--->正常启动了Jetty了

2018-02-02 16:34:31:7894 |--->正常启动了Jetty了

2018-02-02 16:34:36:2864 |--->停止Jetty了

2018-02-02 16:34:43:1814 |--->默认启动了jetty

2018-02-02 16:35:05:8124 |--->停止Jetty了

2018-02-02 16:36:06:1834 |--->点击了检测更新！

2018-02-02 16:36:54:7834 |--->点击了联系作者

2018-02-02 16:37:00:8514 |--->操作了官方QQ组件

2018-02-02 16:38:39:8624 |--->正常启动了Jetty了

2018-02-02 16:40:17:9904 |--->点击了检测更新！

2018-02-02 16:40:23:1614 |--->点击了检测更新！

2018-02-02 16:40:27:6484 |--->点击了检测更新！

2018-02-02 16:40:34:8084 |--->打开了打赏窗口

2018-02-02 16:40:40:2164 |--->AI语音介绍

2018-02-02 16:40:49:1594 |--->打开了http://www.eclipse.org/jetty/

2018-02-02 16:41:12:4984 |--->停止Jetty了

2018-02-02 16:41:16:7294 |--->正常启动了Jetty了

2018-02-02 16:41:25:2224 |--->停止Jetty了

2018-02-02 16:41:29:9224 |--->正常启动了Jetty了

2018-02-02 16:48:06:3274 |--->退出程序并且停止线程

2018-02-03 16:54:03:2814 |--->启动了软件

2018-02-03 16:54:10:0234 |--->程序启动初始化检测版本，当前服务器版本为:1.0.0.0

2018-02-03 16:54:10:0244 |--->MAIN检测系统环境变量，环境正常！C:\Program Files\Java\jdk1.8.0_131\    ||  .

2018-02-03 16:54:10:0304 |--->
Run_Path = C:\Users\coding\Desktop\Jetty_GUI_Admin_Tools\Jetty_GUI_Admin_Tools\Jetty_GUI_Admin_Tools\bin\Debug

2018-02-03 16:54:10:0304 |--->
JAVA_HOME = C:\Program Files\Java\jdk1.8.0_131\

2018-02-03 16:54:24:1584 |--->正常启动了Jetty了

2018-02-03 16:54:40:6754 |--->退出程序并且停止线程

2018-02-22 10:35:08:2931 |--->启动了软件

2018-02-22 10:35:13:9734 |--->程序启动初始化检测版本，当前服务器版本为:1.0.0.0

2018-02-22 10:35:13:9825 |--->MAIN检测系统环境变量，环境正常！C:\Program Files\Java\jdk1.8.0_151    ||  .

2018-02-22 10:35:14:0075 |--->
Run_Path = E:\Jetty_GUI_Admin_Tools\Jetty_GUI_Admin_Tools\Jetty_GUI_Admin_Tools\bin\Debug

2018-02-22 10:35:14:0186 |--->
JAVA_HOME = C:\Program Files\Java\jdk1.8.0_151

2018-02-22 10:35:38:8121 |--->正常启动了Jetty了

2018-02-22 10:35:56:7984 |--->停止Jetty了

2018-02-22 10:36:03:9275 |--->正常启动了Jetty了

2018-02-22 10:37:39:8179 |--->启动了软件

2018-02-22 10:37:45:4463 |--->程序启动初始化检测版本，当前服务器版本为:1.0.0.0

2018-02-22 10:37:45:4613 |--->MAIN检测系统环境变量，环境正常！C:\Program Files\Java\jdk1.8.0_151    ||  .

2018-02-22 10:37:45:4774 |--->
Run_Path = E:\Jetty_GUI_Admin_Tools\Jetty_GUI_Admin_Tools\Jetty_GUI_Admin_Tools\bin\Debug

2018-02-22 10:37:45:4954 |--->
JAVA_HOME = C:\Program Files\Java\jdk1.8.0_151

2018-02-22 10:44:13:2662 |--->正常启动了Jetty了

2018-02-22 10:48:54:4977 |--->正常启动了Jetty了

2018-02-22 10:48:55:9135 |--->停止Jetty了

2018-02-22 10:49:06:7899 |--->正常启动了Jetty了

2018-02-22 10:49:59:7699 |--->正常启动了Jetty了

2018-02-22 10:50:00:8080 |--->停止Jetty了

2018-02-22 10:50:03:8237 |--->退出程序，点击了取消按钮

2018-02-22 10:50:06:6145 |--->退出程序并且停止线程

2018-02-22 10:50:23:1057 |--->启动了软件

2018-02-22 10:50:28:9019 |--->程序启动初始化检测版本，当前服务器版本为:1.0.0.0

2018-02-22 10:50:28:9129 |--->MAIN检测系统环境变量，环境正常！C:\Program Files\Java\jdk1.8.0_151    ||  .

2018-02-22 10:50:28:9289 |--->
Run_Path = E:\Jetty_GUI_Admin_Tools\Jetty_GUI_Admin_Tools\Jetty_GUI_Admin_Tools\bin\Debug

2018-02-22 10:50:28:9410 |--->
JAVA_HOME = C:\Program Files\Java\jdk1.8.0_151

2018-02-22 10:50:31:3830 |--->点击了检测更新！

2018-02-22 10:51:00:2121 |--->AI语音介绍

2018-02-22 10:51:07:0747 |--->打开了打赏窗口

2018-02-22 10:51:14:7851 |--->点击了联系作者

2018-02-22 10:51:22:0544 |--->操作了官方QQ组件

2018-02-22 10:51:30:4361 |--->正常启动了Jetty了

2018-02-22 10:51:50:3708 |--->停止Jetty了

2018-02-22 10:51:51:8171 |--->默认启动了jetty

2018-02-22 10:52:23:3252 |--->打开了http://localhost:8080

2018-02-22 10:53:25:6938 |--->退出程序并且停止线程

2018-02-22 10:55:58:5538 |--->启动了软件

2018-02-22 10:56:04:2248 |--->程序启动初始化检测版本，当前服务器版本为:1.0.0.0

2018-02-22 10:56:04:2388 |--->MAIN检测系统环境变量，环境正常！C:\Program Files\Java\jdk1.8.0_151    ||  .

2018-02-22 10:56:04:2508 |--->
Run_Path = E:\Jetty_GUI_Admin_Tools\Jetty_GUI_Admin_Tools\Jetty_GUI_Admin_Tools\bin\Debug

2018-02-22 10:56:04:2618 |--->
JAVA_HOME = C:\Program Files\Java\jdk1.8.0_151

2018-02-22 10:56:11:5610 |--->退出程序并且停止线程

2018-02-22 10:56:14:4616 |--->启动了软件

2018-02-22 10:56:19:9615 |--->程序启动初始化检测版本，当前服务器版本为:1.0.0.0

2018-02-22 10:56:19:9715 |--->MAIN检测系统环境变量，环境正常！C:\Program Files\Java\jdk1.8.0_151    ||  .

2018-02-22 10:56:19:9835 |--->
Run_Path = E:\Jetty_GUI_Admin_Tools\Jetty_GUI_Admin_Tools\Jetty_GUI_Admin_Tools\bin\Debug

2018-02-22 10:56:19:9946 |--->
JAVA_HOME = C:\Program Files\Java\jdk1.8.0_151

2018-02-22 10:56:21:9470 |--->正常启动了Jetty了

2018-02-22 10:56:39:1316 |--->退出程序并且停止线程

2018-02-23 09:33:01:6346 |--->启动了软件

2018-02-23 09:33:07:8222 |--->程序启动初始化检测版本，当前服务器版本为:1.0.0.0

2018-02-23 09:33:07:8378 |--->MAIN检测系统环境变量，环境正常！C:\Program Files\Java\jdk1.8.0_151    ||  .

2018-02-23 09:33:07:8690 |--->
Run_Path = I:\Jetty_GUI_Admin_Tools\Jetty_GUI_Admin_Tools\Jetty_GUI_Admin_Tools\bin\Debug

2018-02-23 09:33:07:8690 |--->
JAVA_HOME = C:\Program Files\Java\jdk1.8.0_151

2018-02-23 09:33:11:3029 |--->默认启动了jetty

2018-02-23 09:33:27:4789 |--->停止Jetty了

2018-02-23 09:33:39:7171 |--->退出程序并且停止线程

2018-05-29 21:17:23:9764 |--->启动了软件

2018-05-29 21:17:30:2596 |--->程序启动初始化检测版本，当前服务器版本为:1.0.0.0

2018-05-29 21:17:30:2617 |--->MAIN检测系统环境变量，环境正常！C:\Program Files\Java\jdk1.8.0_151\    ||  .

2018-05-29 21:17:30:2713 |--->
Run_Path = C:\Users\codin\Desktop\Jetty_GUI_Admin_Tools\Jetty_GUI_Admin_Tools\Jetty_GUI_Admin_Tools\bin\Debug

2018-05-29 21:17:30:2723 |--->
JAVA_HOME = C:\Program Files\Java\jdk1.8.0_151\

2018-05-29 21:17:54:3251 |--->退出程序并且停止线程

2018-05-29 21:26:08:1361 |--->启动了软件

2018-05-29 21:26:13:7510 |--->程序启动初始化检测版本，当前服务器版本为:1.0.0.0

2018-05-29 21:26:13:7551 |--->MAIN检测系统环境变量，环境正常！C:\Program Files\Java\jdk1.8.0_151\    ||  .

2018-05-29 21:26:13:7799 |--->
Run_Path = C:\Users\codin\Desktop\Jetty_GUI_Admin_Tools\Jetty_GUI_Admin_Tools\Jetty_GUI_Admin_Tools\bin\Debug

2018-05-29 21:26:13:7829 |--->
JAVA_HOME = C:\Program Files\Java\jdk1.8.0_151\

2018-05-29 21:26:16:1873 |--->退出程序，点击了取消按钮

2018-05-29 21:26:18:6257 |--->退出程序，点击了取消按钮

2018-05-29 21:26:20:7798 |--->退出程序并且停止线程

2018-05-30 15:21:24:6219 |--->启动了软件

2018-05-30 15:21:31:7002 |--->程序启动初始化检测版本，当前服务器版本为:1.0.0.0

2018-05-30 15:21:31:7031 |--->MAIN检测系统环境变量，环境正常！C:\Program Files\Java\jdk1.8.0_151\    ||  .

2018-05-30 15:21:31:7480 |--->
Run_Path = C:\Users\codin\Desktop\Jetty_GUI_Admin_Tools\Jetty_GUI_Admin_Tools\Jetty_GUI_Admin_Tools\bin\Debug

2018-05-30 15:21:31:7490 |--->
JAVA_HOME = C:\Program Files\Java\jdk1.8.0_151\

2018-05-30 15:21:43:1286 |--->AI语音介绍

2018-05-30 15:21:46:0474 |--->退出程序并且停止线程

2018-05-30 18:10:09:4223 |--->启动了软件

2018-05-30 18:10:11:5740 |--->启动窗口点击了退出按钮

2018-05-30 18:25:42:6244 |--->启动了软件

2018-05-30 18:25:48:9428 |--->程序启动初始化检测版本，当前服务器版本为:1.0.0.0

2018-05-30 18:25:48:9458 |--->MAIN检测系统环境变量，环境正常！C:\Program Files\Java\jdk1.8.0_151\    ||  .

2018-05-30 18:25:48:9635 |--->
Run_Path = C:\Users\codin\Desktop\Jetty_GUI_Admin_Tools\Jetty_GUI_Admin_Tools\Jetty_GUI_Admin_Tools\bin\Debug

2018-05-30 18:25:48:9665 |--->
JAVA_HOME = C:\Program Files\Java\jdk1.8.0_151\

2018-05-30 18:25:58:0477 |--->正常启动了Jetty了

2018-05-30 18:26:06:2478 |--->停止Jetty了

2018-05-30 18:26:08:2991 |--->退出程序并且停止线程

2018-06-09 14:07:37:7061 |--->启动了软件

